BazelCppSemantics_build_arch_k8-fastbuild for //modules/ACC_Test:ACC_Component.so
  Mnemonic: Middleman
  Target: //modules/ACC_Test:ACC_Component.so
  Configuration: k8-fastbuild
  ActionKey: db9e25a4399752c6f2173101cef156d8cc65052294fbaae629f895aa7120c672
  Inputs: [bazel-out/k8-fastbuild/internal/_middlemen/_S_Smodules_SACC_UTest_Cacc_Ulib-BazelCppSemantics_build_arch_k8-fastbuild]
  Outputs: [bazel-out/k8-fastbuild/internal/_middlemen/_S_Smodules_SACC_UTest_CACC_UComponent.so-BazelCppSemantics_build_arch_k8-fastbuild]

action 'Writing file modules/ACC_Test/ACC_Component.so-2.params'
  Mnemonic: FileWrite
  Target: //modules/ACC_Test:ACC_Component.so
  Configuration: k8-fastbuild
  ActionKey: eed662f475decd500152746de27da83b87ab653d0bad4f4016db0746f42ceaf3
  Inputs: []
  Outputs: [bazel-out/k8-fastbuild/bin/modules/ACC_Test/ACC_Component.so-2.params]

action 'Linking modules/ACC_Test/ACC_Component.so'
  Mnemonic: CppLink
  Target: //modules/ACC_Test:ACC_Component.so
  Configuration: k8-fastbuild
  ActionKey: a2d0ff4fd3528b1a97d60511df78df797e8780a5335968c29ab5847ddbbdf8d2
  Inputs: [bazel-out/host/internal/_middlemen/external_Slocal_Uconfig_Ucc_Ccompiler_Udeps, bazel-out/k8-fastbuild/bin/_solib_k8/libcyber_Sblocker_Slibblocker_Umanager.so, bazel-out/k8-fastbuild/bin/_solib_k8/libcyber_Sclass_Uloader_Slibclass_Uloader.so, bazel-out/k8-fastbuild/bin/_solib_k8/libcyber_Sclass_Uloader_Slibclass_Uloader_Umanager.so, bazel-out/k8-fastbuild/bin/_solib_k8/libcyber_Scommon_Slibfile.so, bazel-out/k8-fastbuild/bin/_solib_k8/libcyber_Scommon_Slibglobal_Udata.so, bazel-out/k8-fastbuild/bin/_solib_k8/libcyber_Scomponent_Slibtimer_Ucomponent.so, bazel-out/k8-fastbuild/bin/_solib_k8/libcyber_Scroutine_Slibcroutine.so, bazel-out/k8-fastbuild/bin/_solib_k8/libcyber_Scroutine_Slibroutine_Ucontext.so, bazel-out/k8-fastbuild/bin/_solib_k8/libcyber_Scroutine_Slibswap.so, bazel-out/k8-fastbuild/bin/_solib_k8/libcyber_Sevent_Slibperf_Uevent_Ucache.so, bazel-out/k8-fastbuild/bin/_solib_k8/libcyber_Sio_Slibpoll_Uhandler.so, bazel-out/k8-fastbuild/bin/_solib_k8/libcyber_Sio_Slibpoller.so, bazel-out/k8-fastbuild/bin/_solib_k8/libcyber_Sio_Slibsession.so, bazel-out/k8-fastbuild/bin/_solib_k8/libcyber_Slibbinary.so, bazel-out/k8-fastbuild/bin/_solib_k8/libcyber_Slibcyber_Ucore.so, bazel-out/k8-fastbuild/bin/_solib_k8/libcyber_Slibinit.so, bazel-out/k8-fastbuild/bin/_solib_k8/libcyber_Slibstate.so, bazel-out/k8-fastbuild/bin/_solib_k8/libcyber_Slogger_Slibasync_Ulogger.so, bazel-out/k8-fastbuild/bin/_solib_k8/libcyber_Slogger_Sliblog_Ufile_Uobject.so, bazel-out/k8-fastbuild/bin/_solib_k8/libcyber_Slogger_Sliblogger.so, bazel-out/k8-fastbuild/bin/_solib_k8/libcyber_Slogger_Sliblogger_Uutil.so, bazel-out/k8-fastbuild/bin/_solib_k8/libcyber_Smessage_Slibprotobuf_Ufactory.so, bazel-out/k8-fastbuild/bin/_solib_k8/libcyber_Snode_Slibnode.so, bazel-out/k8-fastbuild/bin/_solib_k8/libcyber_Sparameter_Slibparameter.so, bazel-out/k8-fastbuild/bin/_solib_k8/libcyber_Sparameter_Slibparameter_Uclient.so, bazel-out/k8-fastbuild/bin/_solib_k8/libcyber_Sparameter_Slibparameter_Userver.so, bazel-out/k8-fastbuild/bin/_solib_k8/libcyber_Sproto_Slibchoreography_Uconf_Uproto.so, bazel-out/k8-fastbuild/bin/_solib_k8/libcyber_Sproto_Slibclassic_Uconf_Uproto.so, bazel-out/k8-fastbuild/bin/_solib_k8/libcyber_Sproto_Slibclock_Uproto.so, bazel-out/k8-fastbuild/bin/_solib_k8/libcyber_Sproto_Slibcomponent_Uconf_Uproto.so, bazel-out/k8-fastbuild/bin/_solib_k8/libcyber_Sproto_Slibcyber_Uconf_Uproto.so, bazel-out/k8-fastbuild/bin/_solib_k8/libcyber_Sproto_Slibparameter_Uproto.so, bazel-out/k8-fastbuild/bin/_solib_k8/libcyber_Sproto_Slibperf_Uconf_Uproto.so, bazel-out/k8-fastbuild/bin/_solib_k8/libcyber_Sproto_Slibproto_Udesc_Uproto.so, bazel-out/k8-fastbuild/bin/_solib_k8/libcyber_Sproto_Slibqos_Uprofile_Uproto.so, bazel-out/k8-fastbuild/bin/_solib_k8/libcyber_Sproto_Slibrecord_Uproto.so, bazel-out/k8-fastbuild/bin/_solib_k8/libcyber_Sproto_Slibrole_Uattributes_Uproto.so, bazel-out/k8-fastbuild/bin/_solib_k8/libcyber_Sproto_Slibrun_Umode_Uconf_Uproto.so, bazel-out/k8-fastbuild/bin/_solib_k8/libcyber_Sproto_Slibscheduler_Uconf_Uproto.so, bazel-out/k8-fastbuild/bin/_solib_k8/libcyber_Sproto_Slibtopology_Uchange_Uproto.so, bazel-out/k8-fastbuild/bin/_solib_k8/libcyber_Sproto_Slibtransport_Uconf_Uproto.so, bazel-out/k8-fastbuild/bin/_solib_k8/libcyber_Srecord_Slibheader_Ubuilder.so, bazel-out/k8-fastbuild/bin/_solib_k8/libcyber_Srecord_Slibrecord_Ufile_Ubase.so, bazel-out/k8-fastbuild/bin/_solib_k8/libcyber_Srecord_Slibrecord_Ufile_Ureader.so, bazel-out/k8-fastbuild/bin/_solib_k8/libcyber_Srecord_Slibrecord_Ufile_Uwriter.so, bazel-out/k8-fastbuild/bin/_solib_k8/libcyber_Srecord_Slibrecord_Ureader.so, bazel-out/k8-fastbuild/bin/_solib_k8/libcyber_Srecord_Slibrecord_Uviewer.so, bazel-out/k8-fastbuild/bin/_solib_k8/libcyber_Srecord_Slibrecord_Uwriter.so, bazel-out/k8-fastbuild/bin/_solib_k8/libcyber_Sscheduler_Slibchoreography_Ucontext.so, bazel-out/k8-fastbuild/bin/_solib_k8/libcyber_Sscheduler_Slibclassic_Ucontext.so, bazel-out/k8-fastbuild/bin/_solib_k8/libcyber_Sscheduler_Slibpin_Uthread.so, bazel-out/k8-fastbuild/bin/_solib_k8/libcyber_Sscheduler_Slibprocessor.so, bazel-out/k8-fastbuild/bin/_solib_k8/libcyber_Sscheduler_Slibprocessor_Ucontext.so, bazel-out/k8-fastbuild/bin/_solib_k8/libcyber_Sscheduler_Slibscheduler.so, bazel-out/k8-fastbuild/bin/_solib_k8/libcyber_Sscheduler_Slibscheduler_Uchoreography.so, bazel-out/k8-fastbuild/bin/_solib_k8/libcyber_Sscheduler_Slibscheduler_Uclassic.so, bazel-out/k8-fastbuild/bin/_solib_k8/libcyber_Sscheduler_Slibscheduler_Ufactory.so, bazel-out/k8-fastbuild/bin/_solib_k8/libcyber_Sservice_Udiscovery_Slibchannel_Umanager.so, bazel-out/k8-fastbuild/bin/_solib_k8/libcyber_Sservice_Udiscovery_Slibgraph.so, bazel-out/k8-fastbuild/bin/_solib_k8/libcyber_Sservice_Udiscovery_Slibmanager.so, bazel-out/k8-fastbuild/bin/_solib_k8/libcyber_Sservice_Udiscovery_Slibmulti_Uvalue_Uwarehouse.so, bazel-out/k8-fastbuild/bin/_solib_k8/libcyber_Sservice_Udiscovery_Slibnode_Umanager.so, bazel-out/k8-fastbuild/bin/_solib_k8/libcyber_Sservice_Udiscovery_Slibparticipant_Ulistener.so, bazel-out/k8-fastbuild/bin/_solib_k8/libcyber_Sservice_Udiscovery_Slibrole.so, bazel-out/k8-fastbuild/bin/_solib_k8/libcyber_Sservice_Udiscovery_Slibservice_Umanager.so, bazel-out/k8-fastbuild/bin/_solib_k8/libcyber_Sservice_Udiscovery_Slibsingle_Uvalue_Uwarehouse.so, bazel-out/k8-fastbuild/bin/_solib_k8/libcyber_Sservice_Udiscovery_Slibsubscriber_Ulistener.so, bazel-out/k8-fastbuild/bin/_solib_k8/libcyber_Sservice_Udiscovery_Slibtopology_Umanager.so, bazel-out/k8-fastbuild/bin/_solib_k8/libcyber_Ssysmo_Slibsysmo.so, bazel-out/k8-fastbuild/bin/_solib_k8/libcyber_Stask_Slibtask_Umanager.so, bazel-out/k8-fastbuild/bin/_solib_k8/libcyber_Stime_Slibclock.so, bazel-out/k8-fastbuild/bin/_solib_k8/libcyber_Stime_Slibduration.so, bazel-out/k8-fastbuild/bin/_solib_k8/libcyber_Stime_Slibrate.so, bazel-out/k8-fastbuild/bin/_solib_k8/libcyber_Stime_Slibtime.so, bazel-out/k8-fastbuild/bin/_solib_k8/libcyber_Stimer_Slibtimer.so, bazel-out/k8-fastbuild/bin/_solib_k8/libcyber_Stimer_Slibtiming_Uwheel.so, bazel-out/k8-fastbuild/bin/_solib_k8/libcyber_Stransport_Slibattributes_Ufiller.so, bazel-out/k8-fastbuild/bin/_solib_k8/libcyber_Stransport_Slibblock.so, bazel-out/k8-fastbuild/bin/_solib_k8/libcyber_Stransport_Slibcondition_Unotifier.so, bazel-out/k8-fastbuild/bin/_solib_k8/libcyber_Stransport_Slibdispatcher.so, bazel-out/k8-fastbuild/bin/_solib_k8/libcyber_Stransport_Slibendpoint.so, bazel-out/k8-fastbuild/bin/_solib_k8/libcyber_Stransport_Slibidentity.so, bazel-out/k8-fastbuild/bin/_solib_k8/libcyber_Stransport_Slibintra_Udispatcher.so, bazel-out/k8-fastbuild/bin/_solib_k8/libcyber_Stransport_Slibmessage_Uinfo.so, bazel-out/k8-fastbuild/bin/_solib_k8/libcyber_Stransport_Slibmulticast_Unotifier.so, bazel-out/k8-fastbuild/bin/_solib_k8/libcyber_Stransport_Slibnotifier_Ufactory.so, bazel-out/k8-fastbuild/bin/_solib_k8/libcyber_Stransport_Slibparticipant.so, bazel-out/k8-fastbuild/bin/_solib_k8/libcyber_Stransport_Slibposix_Usegment.so, bazel-out/k8-fastbuild/bin/_solib_k8/libcyber_Stransport_Slibqos_Uprofile_Uconf.so, bazel-out/k8-fastbuild/bin/_solib_k8/libcyber_Stransport_Slibreadable_Uinfo.so, bazel-out/k8-fastbuild/bin/_solib_k8/libcyber_Stransport_Slibrtps_Udispatcher.so, bazel-out/k8-fastbuild/bin/_solib_k8/libcyber_Stransport_Slibsegment.so, bazel-out/k8-fastbuild/bin/_solib_k8/libcyber_Stransport_Slibsegment_Ufactory.so, bazel-out/k8-fastbuild/bin/_solib_k8/libcyber_Stransport_Slibshm_Uconf.so, bazel-out/k8-fastbuild/bin/_solib_k8/libcyber_Stransport_Slibshm_Udispatcher.so, bazel-out/k8-fastbuild/bin/_solib_k8/libcyber_Stransport_Slibstate.so, bazel-out/k8-fastbuild/bin/_solib_k8/libcyber_Stransport_Slibsub_Ulistener.so, bazel-out/k8-fastbuild/bin/_solib_k8/libcyber_Stransport_Slibtransport.so, bazel-out/k8-fastbuild/bin/_solib_k8/libcyber_Stransport_Slibunderlay_Umessage.so, bazel-out/k8-fastbuild/bin/_solib_k8/libcyber_Stransport_Slibunderlay_Umessage_Utype.so, bazel-out/k8-fastbuild/bin/_solib_k8/libcyber_Stransport_Slibxsi_Usegment.so, bazel-out/k8-fastbuild/bin/_solib_k8/libexternal_Scom_Ugoogle_Uprotobuf_Slibprotobuf.so, bazel-out/k8-fastbuild/bin/_solib_k8/libexternal_Scom_Ugoogle_Uprotobuf_Slibprotobuf_Ulite.so, bazel-out/k8-fastbuild/bin/_solib_k8/libexternal_Szlib_Slibzlib.so, bazel-out/k8-fastbuild/bin/modules/ACC_Test/ACC_Component.so-2.params, bazel-out/k8-fastbuild/bin/modules/ACC_Test/_objs/acc_lib/ACC.pic.o, bazel-out/k8-fastbuild/bin/modules/ACC_Test/_objs/acc_lib/ApoClnt.pic.o, bazel-out/k8-fastbuild/bin/modules/ACC_Test/_objs/acc_lib/DVARead.pic.o, bazel-out/k8-fastbuild/bin/modules/ACC_Test/_objs/acc_lib/DVAWrite.pic.o, bazel-out/k8-fastbuild/bin/modules/ACC_Test/_objs/acc_lib/GuiCmd.pic.o, bazel-out/k8-fastbuild/bin/modules/ACC_Test/_objs/acc_lib/acc_component.pic.o, bazel-out/k8-fastbuild/internal/_middlemen/_S_Smodules_SACC_UTest_CACC_UComponent.so-BazelCppSemantics_build_arch_k8-fastbuild, external/bazel_tools/tools/cpp/build_interface_so, external/bazel_tools/tools/cpp/link_dynamic_library.sh, modules/ACC_Test/libapo/libapo-client-linux64.a]
  Outputs: [bazel-out/k8-fastbuild/bin/modules/ACC_Test/ACC_Component.so]
  Environment: [CUDA_TOOLKIT_PATH=/usr/local/cuda-10.2, GCC_HOST_COMPILER_PATH=/usr/bin/x86_64-linux-gnu-gcc-7, PYTHON_BIN_PATH=/usr/bin/python3, PYTHON_LIB_PATH=/usr/lib/python3/dist-packages, TF_CUDA_COMPUTE_CAPABILITIES=7.5]
  Command Line: (exec /usr/bin/gcc \
    -shared \
    -o \
    bazel-out/k8-fastbuild/bin/modules/ACC_Test/ACC_Component.so \
    '-Wl,-rpath,$ORIGIN/../../_solib_k8/' \
    -Lbazel-out/k8-fastbuild/bin/_solib_k8 \
    -Wl,-S \
    '-fuse-ld=gold' \
    -Wl,-no-as-needed \
    -Wl,-z,relro,-z,now \
    -B/usr/bin \
    -pass-exit-codes \
    -lstdc++ \
    -lm \
    -Wl,--start-lib \
    bazel-out/k8-fastbuild/bin/modules/ACC_Test/_objs/acc_lib/acc_component.pic.o \
    bazel-out/k8-fastbuild/bin/modules/ACC_Test/_objs/acc_lib/ACC.pic.o \
    bazel-out/k8-fastbuild/bin/modules/ACC_Test/_objs/acc_lib/DVARead.pic.o \
    bazel-out/k8-fastbuild/bin/modules/ACC_Test/_objs/acc_lib/DVAWrite.pic.o \
    bazel-out/k8-fastbuild/bin/modules/ACC_Test/_objs/acc_lib/GuiCmd.pic.o \
    bazel-out/k8-fastbuild/bin/modules/ACC_Test/_objs/acc_lib/ApoClnt.pic.o \
    -Wl,--end-lib \
    -lcyber_Slibcyber_Ucore \
    -lcyber_Sclass_Uloader_Slibclass_Uloader_Umanager \
    -lcyber_Scomponent_Slibtimer_Ucomponent \
    -lcyber_Sclass_Uloader_Slibclass_Uloader \
    -lcyber_Slibinit \
    -lcyber_Sproto_Slibclock_Uproto \
    -lcyber_Sio_Slibsession \
    -lcyber_Sio_Slibpoll_Uhandler \
    -lcyber_Sio_Slibpoller \
    -lcyber_Slogger_Sliblogger \
    -lcyber_Slogger_Slibasync_Ulogger \
    -lcyber_Slogger_Sliblog_Ufile_Uobject \
    -lcyber_Slogger_Sliblogger_Uutil \
    -lcyber_Sparameter_Slibparameter_Uclient \
    -lcyber_Sparameter_Slibparameter_Userver \
    -lcyber_Sparameter_Slibparameter \
    -lcyber_Sproto_Slibparameter_Uproto \
    -lcyber_Snode_Slibnode \
    -lcyber_Sblocker_Slibblocker_Umanager \
    -lcyber_Srecord_Slibrecord_Uviewer \
    -lcyber_Srecord_Slibrecord_Ureader \
    -lcyber_Srecord_Slibrecord_Ufile_Ureader \
    -lcyber_Srecord_Slibrecord_Uwriter \
    -lcyber_Srecord_Slibheader_Ubuilder \
    -lcyber_Srecord_Slibrecord_Ufile_Uwriter \
    -lcyber_Srecord_Slibrecord_Ufile_Ubase \
    -lcyber_Sproto_Slibrecord_Uproto \
    -lcyber_Sservice_Udiscovery_Slibtopology_Umanager \
    -lcyber_Sservice_Udiscovery_Slibchannel_Umanager \
    -lcyber_Sservice_Udiscovery_Slibgraph \
    -lcyber_Sservice_Udiscovery_Slibnode_Umanager \
    -lcyber_Sservice_Udiscovery_Slibparticipant_Ulistener \
    -lcyber_Sservice_Udiscovery_Slibservice_Umanager \
    -lcyber_Sservice_Udiscovery_Slibmanager \
    -lcyber_Sservice_Udiscovery_Slibsubscriber_Ulistener \
    -lcyber_Sproto_Slibtopology_Uchange_Uproto \
    -lcyber_Sservice_Udiscovery_Slibmulti_Uvalue_Uwarehouse \
    -lcyber_Sservice_Udiscovery_Slibsingle_Uvalue_Uwarehouse \
    -lcyber_Ssysmo_Slibsysmo \
    -lcyber_Stime_Slibclock \
    -lcyber_Stimer_Slibtimer \
    -lcyber_Stimer_Slibtiming_Uwheel \
    -lcyber_Stime_Slibrate \
    -lcyber_Stransport_Slibtransport \
    -lcyber_Stransport_Slibintra_Udispatcher \
    -lcyber_Stransport_Slibrtps_Udispatcher \
    -lcyber_Stransport_Slibattributes_Ufiller \
    -lcyber_Stransport_Slibqos_Uprofile_Uconf \
    -lcyber_Stransport_Slibshm_Udispatcher \
    -lcyber_Stransport_Slibdispatcher \
    -lcyber_Stransport_Slibnotifier_Ufactory \
    -lcyber_Stransport_Slibcondition_Unotifier \
    -lcyber_Stransport_Slibmulticast_Unotifier \
    -lcyber_Stransport_Slibsegment_Ufactory \
    -lcyber_Stransport_Slibposix_Usegment \
    -lcyber_Stransport_Slibxsi_Usegment \
    -lcyber_Stransport_Slibsegment \
    -lcyber_Stransport_Slibblock \
    -lcyber_Stransport_Slibshm_Uconf \
    -lcyber_Stransport_Slibstate \
    -lcyber_Stransport_Slibreadable_Uinfo \
    -lcyber_Stransport_Slibendpoint \
    -lcyber_Sservice_Udiscovery_Slibrole \
    -lcyber_Sproto_Slibrole_Uattributes_Uproto \
    -lcyber_Stask_Slibtask_Umanager \
    -lcyber_Sscheduler_Slibscheduler_Ufactory \
    -lcyber_Sscheduler_Slibscheduler_Uchoreography \
    -lcyber_Sscheduler_Slibchoreography_Ucontext \
    -lcyber_Sscheduler_Slibscheduler_Uclassic \
    -lcyber_Sscheduler_Slibscheduler \
    -lcyber_Sscheduler_Slibpin_Uthread \
    -lcyber_Sscheduler_Slibclassic_Ucontext \
    -lcyber_Sscheduler_Slibprocessor \
    -lcyber_Sscheduler_Slibprocessor_Ucontext \
    -lcyber_Scroutine_Slibcroutine \
    -lcyber_Scroutine_Slibroutine_Ucontext \
    -lcyber_Scroutine_Slibswap \
    -lcyber_Sevent_Slibperf_Uevent_Ucache \
    -lcyber_Slibstate \
    -lcyber_Stime_Slibtime \
    -lcyber_Stime_Slibduration \
    -lcyber_Sproto_Slibcomponent_Uconf_Uproto \
    -lcyber_Sproto_Slibqos_Uprofile_Uproto \
    -lcyber_Stransport_Slibparticipant \
    -lcyber_Stransport_Slibsub_Ulistener \
    -lcyber_Stransport_Slibmessage_Uinfo \
    -lcyber_Scommon_Slibglobal_Udata \
    -lcyber_Scommon_Slibfile \
    -lcyber_Sproto_Slibcyber_Uconf_Uproto \
    -lcyber_Sproto_Slibscheduler_Uconf_Uproto \
    -lcyber_Sproto_Slibclassic_Uconf_Uproto \
    -lcyber_Sproto_Slibchoreography_Uconf_Uproto \
    -lcyber_Sproto_Slibtransport_Uconf_Uproto \
    -lcyber_Sproto_Slibrun_Umode_Uconf_Uproto \
    -lcyber_Sproto_Slibperf_Uconf_Uproto \
    -lcyber_Smessage_Slibprotobuf_Ufactory \
    -lcyber_Sproto_Slibproto_Udesc_Uproto \
    -lcyber_Stransport_Slibidentity \
    -lcyber_Stransport_Slibunderlay_Umessage_Utype \
    -lcyber_Stransport_Slibunderlay_Umessage \
    -lcyber_Slibbinary \
    -lexternal_Scom_Ugoogle_Uprotobuf_Slibprotobuf \
    -lexternal_Scom_Ugoogle_Uprotobuf_Slibprotobuf_Ulite \
    -lexternal_Szlib_Slibzlib \
    modules/ACC_Test/libapo/libapo-client-linux64.a \
    -lrt \
    -L/opt/apollo/sysroot/lib \
    -lPocoFoundation \
    -latomic \
    -L/usr/local/lib \
    -lglog \
    -L/usr/local/lib \
    -lgflags \
    -lpthread \
    -lm \
    -lpthread \
    -lm \
    -L/usr/local/fast-rtps/lib \
    -lfastrtps \
    -L/usr/local/fast-rtps/lib \
    -lfastcdr \
    -luuid \
    @bazel-out/k8-fastbuild/bin/modules/ACC_Test/ACC_Component.so-2.params)

action 'Stripping modules/ACC_Test/ACC_Component.so.stripped for //modules/ACC_Test:ACC_Component.so'
  Mnemonic: CcStrip
  Target: //modules/ACC_Test:ACC_Component.so
  Configuration: k8-fastbuild
  ActionKey: 50909f5761a30d14f32fdf5b09754baea3af6791c0ef9b5019217958e583d457
  Inputs: [bazel-out/host/internal/_middlemen/external_Slocal_Uconfig_Ucc_Cempty, bazel-out/k8-fastbuild/bin/modules/ACC_Test/ACC_Component.so]
  Outputs: [bazel-out/k8-fastbuild/bin/modules/ACC_Test/ACC_Component.so.stripped]
  Environment: [CUDA_TOOLKIT_PATH=/usr/local/cuda-10.2, GCC_HOST_COMPILER_PATH=/usr/bin/x86_64-linux-gnu-gcc-7, PYTHON_BIN_PATH=/usr/bin/python3, PYTHON_LIB_PATH=/usr/lib/python3/dist-packages, TF_CUDA_COMPUTE_CAPABILITIES=7.5]
  Command Line: (exec /usr/bin/strip \
    -S \
    -p \
    -o \
    bazel-out/k8-fastbuild/bin/modules/ACC_Test/ACC_Component.so.stripped \
    -R \
    .gnu.switches.text.quote_paths \
    -R \
    .gnu.switches.text.bracket_paths \
    -R \
    .gnu.switches.text.system_paths \
    -R \
    .gnu.switches.text.cpp_defines \
    -R \
    .gnu.switches.text.cpp_includes \
    -R \
    .gnu.switches.text.cl_args \
    -R \
    .gnu.switches.text.lipo_info \
    -R \
    .gnu.switches.text.annotation \
    bazel-out/k8-fastbuild/bin/modules/ACC_Test/ACC_Component.so)

action 'Writing file modules/ACC_Test/ACC_Component.so.dwp'
  Mnemonic: FileWrite
  Target: //modules/ACC_Test:ACC_Component.so
  Configuration: k8-fastbuild
  ActionKey: 8bfa366824070092e016c0d24cfc35cb391dad36247df16128baeaa98d05a397
  Inputs: []
  Outputs: [bazel-out/k8-fastbuild/bin/modules/ACC_Test/ACC_Component.so.dwp]

action 'Creating source manifest for //modules/ACC_Test:ACC_Component.so'
  Mnemonic: SourceSymlinkManifest
  Target: //modules/ACC_Test:ACC_Component.so
  Configuration: k8-fastbuild
  ActionKey: 7d85d471f12622c9bf4bbaab7e38d7db5fb1655cf20044c8fa34fc7795d45f1e
  Inputs: []
  Outputs: [bazel-out/k8-fastbuild/bin/modules/ACC_Test/ACC_Component.so.runfiles_manifest]

action 'Creating runfiles tree bazel-out/k8-fastbuild/bin/modules/ACC_Test/ACC_Component.so.runfiles'
  Mnemonic: SymlinkTree
  Target: //modules/ACC_Test:ACC_Component.so
  Configuration: k8-fastbuild
  ActionKey: 96f9a50b95fa9c0d2d3aaac3c5843af75bbb9904abf7cd285a4e8fe3def1d929
  Inputs: [bazel-out/k8-fastbuild/bin/modules/ACC_Test/ACC_Component.so.runfiles_manifest]
  Outputs: [bazel-out/k8-fastbuild/bin/modules/ACC_Test/ACC_Component.so.runfiles/MANIFEST]
  Environment: [CUDA_TOOLKIT_PATH=/usr/local/cuda-10.2, GCC_HOST_COMPILER_PATH=/usr/bin/x86_64-linux-gnu-gcc-7, PYTHON_BIN_PATH=/usr/bin/python3, PYTHON_LIB_PATH=/usr/lib/python3/dist-packages, TF_CUDA_COMPUTE_CAPABILITIES=7.5]

runfiles for //modules/ACC_Test:ACC_Component.so
  Mnemonic: Middleman
  Target: //modules/ACC_Test:ACC_Component.so
  Configuration: k8-fastbuild
  ActionKey: db9e25a4399752c6f2173101cef156d8cc65052294fbaae629f895aa7120c672
  Inputs: [bazel-out/k8-fastbuild/bin/_solib_k8/libcyber_Sblocker_Slibblocker_Umanager.so, bazel-out/k8-fastbuild/bin/_solib_k8/libcyber_Sclass_Uloader_Slibclass_Uloader.so, bazel-out/k8-fastbuild/bin/_solib_k8/libcyber_Sclass_Uloader_Slibclass_Uloader_Umanager.so, bazel-out/k8-fastbuild/bin/_solib_k8/libcyber_Scommon_Slibfile.so, bazel-out/k8-fastbuild/bin/_solib_k8/libcyber_Scommon_Slibglobal_Udata.so, bazel-out/k8-fastbuild/bin/_solib_k8/libcyber_Scomponent_Slibtimer_Ucomponent.so, bazel-out/k8-fastbuild/bin/_solib_k8/libcyber_Scroutine_Slibcroutine.so, bazel-out/k8-fastbuild/bin/_solib_k8/libcyber_Scroutine_Slibroutine_Ucontext.so, bazel-out/k8-fastbuild/bin/_solib_k8/libcyber_Scroutine_Slibswap.so, bazel-out/k8-fastbuild/bin/_solib_k8/libcyber_Sevent_Slibperf_Uevent_Ucache.so, bazel-out/k8-fastbuild/bin/_solib_k8/libcyber_Sio_Slibpoll_Uhandler.so, bazel-out/k8-fastbuild/bin/_solib_k8/libcyber_Sio_Slibpoller.so, bazel-out/k8-fastbuild/bin/_solib_k8/libcyber_Sio_Slibsession.so, bazel-out/k8-fastbuild/bin/_solib_k8/libcyber_Slibbinary.so, bazel-out/k8-fastbuild/bin/_solib_k8/libcyber_Slibcyber_Ucore.so, bazel-out/k8-fastbuild/bin/_solib_k8/libcyber_Slibinit.so, bazel-out/k8-fastbuild/bin/_solib_k8/libcyber_Slibstate.so, bazel-out/k8-fastbuild/bin/_solib_k8/libcyber_Slogger_Slibasync_Ulogger.so, bazel-out/k8-fastbuild/bin/_solib_k8/libcyber_Slogger_Sliblog_Ufile_Uobject.so, bazel-out/k8-fastbuild/bin/_solib_k8/libcyber_Slogger_Sliblogger.so, bazel-out/k8-fastbuild/bin/_solib_k8/libcyber_Slogger_Sliblogger_Uutil.so, bazel-out/k8-fastbuild/bin/_solib_k8/libcyber_Smessage_Slibprotobuf_Ufactory.so, bazel-out/k8-fastbuild/bin/_solib_k8/libcyber_Snode_Slibnode.so, bazel-out/k8-fastbuild/bin/_solib_k8/libcyber_Sparameter_Slibparameter.so, bazel-out/k8-fastbuild/bin/_solib_k8/libcyber_Sparameter_Slibparameter_Uclient.so, bazel-out/k8-fastbuild/bin/_solib_k8/libcyber_Sparameter_Slibparameter_Userver.so, bazel-out/k8-fastbuild/bin/_solib_k8/libcyber_Sproto_Slibchoreography_Uconf_Uproto.so, bazel-out/k8-fastbuild/bin/_solib_k8/libcyber_Sproto_Slibclassic_Uconf_Uproto.so, bazel-out/k8-fastbuild/bin/_solib_k8/libcyber_Sproto_Slibclock_Uproto.so, bazel-out/k8-fastbuild/bin/_solib_k8/libcyber_Sproto_Slibcomponent_Uconf_Uproto.so, bazel-out/k8-fastbuild/bin/_solib_k8/libcyber_Sproto_Slibcyber_Uconf_Uproto.so, bazel-out/k8-fastbuild/bin/_solib_k8/libcyber_Sproto_Slibparameter_Uproto.so, bazel-out/k8-fastbuild/bin/_solib_k8/libcyber_Sproto_Slibperf_Uconf_Uproto.so, bazel-out/k8-fastbuild/bin/_solib_k8/libcyber_Sproto_Slibproto_Udesc_Uproto.so, bazel-out/k8-fastbuild/bin/_solib_k8/libcyber_Sproto_Slibqos_Uprofile_Uproto.so, bazel-out/k8-fastbuild/bin/_solib_k8/libcyber_Sproto_Slibrecord_Uproto.so, bazel-out/k8-fastbuild/bin/_solib_k8/libcyber_Sproto_Slibrole_Uattributes_Uproto.so, bazel-out/k8-fastbuild/bin/_solib_k8/libcyber_Sproto_Slibrun_Umode_Uconf_Uproto.so, bazel-out/k8-fastbuild/bin/_solib_k8/libcyber_Sproto_Slibscheduler_Uconf_Uproto.so, bazel-out/k8-fastbuild/bin/_solib_k8/libcyber_Sproto_Slibtopology_Uchange_Uproto.so, bazel-out/k8-fastbuild/bin/_solib_k8/libcyber_Sproto_Slibtransport_Uconf_Uproto.so, bazel-out/k8-fastbuild/bin/_solib_k8/libcyber_Srecord_Slibheader_Ubuilder.so, bazel-out/k8-fastbuild/bin/_solib_k8/libcyber_Srecord_Slibrecord_Ufile_Ubase.so, bazel-out/k8-fastbuild/bin/_solib_k8/libcyber_Srecord_Slibrecord_Ufile_Ureader.so, bazel-out/k8-fastbuild/bin/_solib_k8/libcyber_Srecord_Slibrecord_Ufile_Uwriter.so, bazel-out/k8-fastbuild/bin/_solib_k8/libcyber_Srecord_Slibrecord_Ureader.so, bazel-out/k8-fastbuild/bin/_solib_k8/libcyber_Srecord_Slibrecord_Uviewer.so, bazel-out/k8-fastbuild/bin/_solib_k8/libcyber_Srecord_Slibrecord_Uwriter.so, bazel-out/k8-fastbuild/bin/_solib_k8/libcyber_Sscheduler_Slibchoreography_Ucontext.so, bazel-out/k8-fastbuild/bin/_solib_k8/libcyber_Sscheduler_Slibclassic_Ucontext.so, bazel-out/k8-fastbuild/bin/_solib_k8/libcyber_Sscheduler_Slibpin_Uthread.so, bazel-out/k8-fastbuild/bin/_solib_k8/libcyber_Sscheduler_Slibprocessor.so, bazel-out/k8-fastbuild/bin/_solib_k8/libcyber_Sscheduler_Slibprocessor_Ucontext.so, bazel-out/k8-fastbuild/bin/_solib_k8/libcyber_Sscheduler_Slibscheduler.so, bazel-out/k8-fastbuild/bin/_solib_k8/libcyber_Sscheduler_Slibscheduler_Uchoreography.so, bazel-out/k8-fastbuild/bin/_solib_k8/libcyber_Sscheduler_Slibscheduler_Uclassic.so, bazel-out/k8-fastbuild/bin/_solib_k8/libcyber_Sscheduler_Slibscheduler_Ufactory.so, bazel-out/k8-fastbuild/bin/_solib_k8/libcyber_Sservice_Udiscovery_Slibchannel_Umanager.so, bazel-out/k8-fastbuild/bin/_solib_k8/libcyber_Sservice_Udiscovery_Slibgraph.so, bazel-out/k8-fastbuild/bin/_solib_k8/libcyber_Sservice_Udiscovery_Slibmanager.so, bazel-out/k8-fastbuild/bin/_solib_k8/libcyber_Sservice_Udiscovery_Slibmulti_Uvalue_Uwarehouse.so, bazel-out/k8-fastbuild/bin/_solib_k8/libcyber_Sservice_Udiscovery_Slibnode_Umanager.so, bazel-out/k8-fastbuild/bin/_solib_k8/libcyber_Sservice_Udiscovery_Slibparticipant_Ulistener.so, bazel-out/k8-fastbuild/bin/_solib_k8/libcyber_Sservice_Udiscovery_Slibrole.so, bazel-out/k8-fastbuild/bin/_solib_k8/libcyber_Sservice_Udiscovery_Slibservice_Umanager.so, bazel-out/k8-fastbuild/bin/_solib_k8/libcyber_Sservice_Udiscovery_Slibsingle_Uvalue_Uwarehouse.so, bazel-out/k8-fastbuild/bin/_solib_k8/libcyber_Sservice_Udiscovery_Slibsubscriber_Ulistener.so, bazel-out/k8-fastbuild/bin/_solib_k8/libcyber_Sservice_Udiscovery_Slibtopology_Umanager.so, bazel-out/k8-fastbuild/bin/_solib_k8/libcyber_Ssysmo_Slibsysmo.so, bazel-out/k8-fastbuild/bin/_solib_k8/libcyber_Stask_Slibtask_Umanager.so, bazel-out/k8-fastbuild/bin/_solib_k8/libcyber_Stime_Slibclock.so, bazel-out/k8-fastbuild/bin/_solib_k8/libcyber_Stime_Slibduration.so, bazel-out/k8-fastbuild/bin/_solib_k8/libcyber_Stime_Slibrate.so, bazel-out/k8-fastbuild/bin/_solib_k8/libcyber_Stime_Slibtime.so, bazel-out/k8-fastbuild/bin/_solib_k8/libcyber_Stimer_Slibtimer.so, bazel-out/k8-fastbuild/bin/_solib_k8/libcyber_Stimer_Slibtiming_Uwheel.so, bazel-out/k8-fastbuild/bin/_solib_k8/libcyber_Stransport_Slibattributes_Ufiller.so, bazel-out/k8-fastbuild/bin/_solib_k8/libcyber_Stransport_Slibblock.so, bazel-out/k8-fastbuild/bin/_solib_k8/libcyber_Stransport_Slibcondition_Unotifier.so, bazel-out/k8-fastbuild/bin/_solib_k8/libcyber_Stransport_Slibdispatcher.so, bazel-out/k8-fastbuild/bin/_solib_k8/libcyber_Stransport_Slibendpoint.so, bazel-out/k8-fastbuild/bin/_solib_k8/libcyber_Stransport_Slibidentity.so, bazel-out/k8-fastbuild/bin/_solib_k8/libcyber_Stransport_Slibintra_Udispatcher.so, bazel-out/k8-fastbuild/bin/_solib_k8/libcyber_Stransport_Slibmessage_Uinfo.so, bazel-out/k8-fastbuild/bin/_solib_k8/libcyber_Stransport_Slibmulticast_Unotifier.so, bazel-out/k8-fastbuild/bin/_solib_k8/libcyber_Stransport_Slibnotifier_Ufactory.so, bazel-out/k8-fastbuild/bin/_solib_k8/libcyber_Stransport_Slibparticipant.so, bazel-out/k8-fastbuild/bin/_solib_k8/libcyber_Stransport_Slibposix_Usegment.so, bazel-out/k8-fastbuild/bin/_solib_k8/libcyber_Stransport_Slibqos_Uprofile_Uconf.so, bazel-out/k8-fastbuild/bin/_solib_k8/libcyber_Stransport_Slibreadable_Uinfo.so, bazel-out/k8-fastbuild/bin/_solib_k8/libcyber_Stransport_Slibrtps_Udispatcher.so, bazel-out/k8-fastbuild/bin/_solib_k8/libcyber_Stransport_Slibsegment.so, bazel-out/k8-fastbuild/bin/_solib_k8/libcyber_Stransport_Slibsegment_Ufactory.so, bazel-out/k8-fastbuild/bin/_solib_k8/libcyber_Stransport_Slibshm_Uconf.so, bazel-out/k8-fastbuild/bin/_solib_k8/libcyber_Stransport_Slibshm_Udispatcher.so, bazel-out/k8-fastbuild/bin/_solib_k8/libcyber_Stransport_Slibstate.so, bazel-out/k8-fastbuild/bin/_solib_k8/libcyber_Stransport_Slibsub_Ulistener.so, bazel-out/k8-fastbuild/bin/_solib_k8/libcyber_Stransport_Slibtransport.so, bazel-out/k8-fastbuild/bin/_solib_k8/libcyber_Stransport_Slibunderlay_Umessage.so, bazel-out/k8-fastbuild/bin/_solib_k8/libcyber_Stransport_Slibunderlay_Umessage_Utype.so, bazel-out/k8-fastbuild/bin/_solib_k8/libcyber_Stransport_Slibxsi_Usegment.so, bazel-out/k8-fastbuild/bin/_solib_k8/libexternal_Scom_Ugoogle_Uprotobuf_Slibprotobuf.so, bazel-out/k8-fastbuild/bin/_solib_k8/libexternal_Scom_Ugoogle_Uprotobuf_Slibprotobuf_Ulite.so, bazel-out/k8-fastbuild/bin/_solib_k8/libexternal_Szlib_Slibzlib.so, bazel-out/k8-fastbuild/bin/modules/ACC_Test/ACC_Component.so, bazel-out/k8-fastbuild/bin/modules/ACC_Test/ACC_Component.so.runfiles/MANIFEST, cyber/conf/compute_sched.conf, cyber/conf/compute_sched_choreography.conf, cyber/conf/compute_sched_classic.conf, cyber/conf/control_sched.conf, cyber/conf/control_sched_choreography.conf, cyber/conf/control_sched_classic.conf, cyber/conf/cyber.pb.conf, cyber/conf/dreamview_sched.conf, cyber/conf/example_sched_choreography.conf, cyber/conf/example_sched_classic.conf]
  Outputs: [bazel-out/k8-fastbuild/internal/_middlemen/modules_SACC_UTest_SACC_UComponent.so-runfiles]

BazelCppSemantics_build_arch_k8-fastbuild for //modules/ACC_Test:acc_lib
  Mnemonic: Middleman
  Target: //modules/ACC_Test:acc_lib
  Configuration: k8-fastbuild
  ActionKey: db9e25a4399752c6f2173101cef156d8cc65052294fbaae629f895aa7120c672
  Inputs: [bazel-out/k8-fastbuild/internal/_middlemen/_S_Scyber_Ccyber-BazelCppSemantics_build_arch_k8-fastbuild, bazel-out/k8-fastbuild/internal/_middlemen/_S_Smodules_SACC_UTest_Clibapo-BazelCppSemantics_build_arch_k8-fastbuild, modules/ACC_Test/ACC.h, modules/ACC_Test/ApoClnt.h, modules/ACC_Test/DVA.h, modules/ACC_Test/GuiCmd.h, modules/ACC_Test/acc_component.h, modules/ACC_Test/apo.h]
  Outputs: [bazel-out/k8-fastbuild/internal/_middlemen/_S_Smodules_SACC_UTest_Cacc_Ulib-BazelCppSemantics_build_arch_k8-fastbuild]

action 'Compiling modules/ACC_Test/acc_component.cc'
  Mnemonic: CppCompile
  Target: //modules/ACC_Test:acc_lib
  Configuration: k8-fastbuild
  ActionKey: 3829268efdfc16fb446d95a16f167eef9ce59993b202fb8d4cd0b229a65c2834
  Inputs: [bazel-out/host/internal/_middlemen/external_Slocal_Uconfig_Ucc_Ccompiler_Udeps, bazel-out/k8-fastbuild/internal/_middlemen/_S_Smodules_SACC_UTest_Cacc_Ulib-BazelCppSemantics_build_arch_k8-fastbuild, external/bazel_tools/tools/cpp/grep-includes.sh, modules/ACC_Test/acc_component.cc]
  Outputs: [bazel-out/k8-fastbuild/bin/modules/ACC_Test/_objs/acc_lib/acc_component.pic.d, bazel-out/k8-fastbuild/bin/modules/ACC_Test/_objs/acc_lib/acc_component.pic.o]
  Environment: [CUDA_TOOLKIT_PATH=/usr/local/cuda-10.2, GCC_HOST_COMPILER_PATH=/usr/bin/x86_64-linux-gnu-gcc-7, PYTHON_BIN_PATH=/usr/bin/python3, PYTHON_LIB_PATH=/usr/lib/python3/dist-packages, TF_CUDA_COMPUTE_CAPABILITIES=7.5]
  Command Line: (exec /usr/bin/gcc \
    -U_FORTIFY_SOURCE \
    -fstack-protector \
    -Wall \
    -Wunused-but-set-parameter \
    -Wno-free-nonheap-object \
    -fno-omit-frame-pointer \
    '-std=c++0x' \
    -MD \
    -MF \
    bazel-out/k8-fastbuild/bin/modules/ACC_Test/_objs/acc_lib/acc_component.pic.d \
    '-frandom-seed=bazel-out/k8-fastbuild/bin/modules/ACC_Test/_objs/acc_lib/acc_component.pic.o' \
    -fPIC \
    -iquote \
    . \
    -iquote \
    bazel-out/k8-fastbuild/bin \
    -iquote \
    external/com_google_glog \
    -iquote \
    bazel-out/k8-fastbuild/bin/external/com_google_glog \
    -iquote \
    external/com_github_gflags_gflags \
    -iquote \
    bazel-out/k8-fastbuild/bin/external/com_github_gflags_gflags \
    -iquote \
    external/com_google_protobuf \
    -iquote \
    bazel-out/k8-fastbuild/bin/external/com_google_protobuf \
    -iquote \
    external/zlib \
    -iquote \
    bazel-out/k8-fastbuild/bin/external/zlib \
    -iquote \
    external/fastrtps \
    -iquote \
    bazel-out/k8-fastbuild/bin/external/fastrtps \
    -iquote \
    external/fastcdr \
    -iquote \
    bazel-out/k8-fastbuild/bin/external/fastcdr \
    -iquote \
    external/poco \
    -iquote \
    bazel-out/k8-fastbuild/bin/external/poco \
    -iquote \
    external/uuid \
    -iquote \
    bazel-out/k8-fastbuild/bin/external/uuid \
    -isystem \
    external/com_google_glog \
    -isystem \
    bazel-out/k8-fastbuild/bin/external/com_google_glog \
    -isystem \
    external/com_github_gflags_gflags \
    -isystem \
    bazel-out/k8-fastbuild/bin/external/com_github_gflags_gflags \
    -isystem \
    external/com_google_protobuf/src \
    -isystem \
    bazel-out/k8-fastbuild/bin/external/com_google_protobuf/src \
    -isystem \
    external/zlib/zlib/include \
    -isystem \
    bazel-out/k8-fastbuild/bin/external/zlib/zlib/include \
    -isystem \
    external/fastrtps \
    -isystem \
    bazel-out/k8-fastbuild/bin/external/fastrtps \
    -isystem \
    external/fastcdr \
    -isystem \
    bazel-out/k8-fastbuild/bin/external/fastcdr \
    -isystem \
    external/poco \
    -isystem \
    bazel-out/k8-fastbuild/bin/external/poco \
    -isystem \
    external/uuid \
    -isystem \
    bazel-out/k8-fastbuild/bin/external/uuid \
    '-Werror=sign-compare' \
    '-Werror=unused-variable' \
    '-Werror=unused-but-set-variable' \
    '-Werror=switch' \
    '-march=native' \
    '-fdiagnostics-color=always' \
    '-Werror=reorder' \
    '-std=c++14' \
    '-Werror=return-type' \
    -fno-canonical-system-headers \
    -Wno-builtin-macro-redefined \
    '-D__DATE__="redacted"' \
    '-D__TIMESTAMP__="redacted"' \
    '-D__TIME__="redacted"' \
    -c \
    modules/ACC_Test/acc_component.cc \
    -o \
    bazel-out/k8-fastbuild/bin/modules/ACC_Test/_objs/acc_lib/acc_component.pic.o)

action 'Compiling modules/ACC_Test/ACC.c'
  Mnemonic: CppCompile
  Target: //modules/ACC_Test:acc_lib
  Configuration: k8-fastbuild
  ActionKey: ca40651b4fd70e14c485a95d31a767ed77af5ba5e968ff0097adf0a32a484580
  Inputs: [bazel-out/host/internal/_middlemen/external_Slocal_Uconfig_Ucc_Ccompiler_Udeps, bazel-out/k8-fastbuild/internal/_middlemen/_S_Smodules_SACC_UTest_Cacc_Ulib-BazelCppSemantics_build_arch_k8-fastbuild, external/bazel_tools/tools/cpp/grep-includes.sh, modules/ACC_Test/ACC.c]
  Outputs: [bazel-out/k8-fastbuild/bin/modules/ACC_Test/_objs/acc_lib/ACC.pic.d, bazel-out/k8-fastbuild/bin/modules/ACC_Test/_objs/acc_lib/ACC.pic.o]
  Environment: [CUDA_TOOLKIT_PATH=/usr/local/cuda-10.2, GCC_HOST_COMPILER_PATH=/usr/bin/x86_64-linux-gnu-gcc-7, PYTHON_BIN_PATH=/usr/bin/python3, PYTHON_LIB_PATH=/usr/lib/python3/dist-packages, TF_CUDA_COMPUTE_CAPABILITIES=7.5]
  Command Line: (exec /usr/bin/gcc \
    -U_FORTIFY_SOURCE \
    -fstack-protector \
    -Wall \
    -Wunused-but-set-parameter \
    -Wno-free-nonheap-object \
    -fno-omit-frame-pointer \
    -MD \
    -MF \
    bazel-out/k8-fastbuild/bin/modules/ACC_Test/_objs/acc_lib/ACC.pic.d \
    '-frandom-seed=bazel-out/k8-fastbuild/bin/modules/ACC_Test/_objs/acc_lib/ACC.pic.o' \
    -fPIC \
    -iquote \
    . \
    -iquote \
    bazel-out/k8-fastbuild/bin \
    -iquote \
    external/com_google_glog \
    -iquote \
    bazel-out/k8-fastbuild/bin/external/com_google_glog \
    -iquote \
    external/com_github_gflags_gflags \
    -iquote \
    bazel-out/k8-fastbuild/bin/external/com_github_gflags_gflags \
    -iquote \
    external/com_google_protobuf \
    -iquote \
    bazel-out/k8-fastbuild/bin/external/com_google_protobuf \
    -iquote \
    external/zlib \
    -iquote \
    bazel-out/k8-fastbuild/bin/external/zlib \
    -iquote \
    external/fastrtps \
    -iquote \
    bazel-out/k8-fastbuild/bin/external/fastrtps \
    -iquote \
    external/fastcdr \
    -iquote \
    bazel-out/k8-fastbuild/bin/external/fastcdr \
    -iquote \
    external/poco \
    -iquote \
    bazel-out/k8-fastbuild/bin/external/poco \
    -iquote \
    external/uuid \
    -iquote \
    bazel-out/k8-fastbuild/bin/external/uuid \
    -isystem \
    external/com_google_glog \
    -isystem \
    bazel-out/k8-fastbuild/bin/external/com_google_glog \
    -isystem \
    external/com_github_gflags_gflags \
    -isystem \
    bazel-out/k8-fastbuild/bin/external/com_github_gflags_gflags \
    -isystem \
    external/com_google_protobuf/src \
    -isystem \
    bazel-out/k8-fastbuild/bin/external/com_google_protobuf/src \
    -isystem \
    external/zlib/zlib/include \
    -isystem \
    bazel-out/k8-fastbuild/bin/external/zlib/zlib/include \
    -isystem \
    external/fastrtps \
    -isystem \
    bazel-out/k8-fastbuild/bin/external/fastrtps \
    -isystem \
    external/fastcdr \
    -isystem \
    bazel-out/k8-fastbuild/bin/external/fastcdr \
    -isystem \
    external/poco \
    -isystem \
    bazel-out/k8-fastbuild/bin/external/poco \
    -isystem \
    external/uuid \
    -isystem \
    bazel-out/k8-fastbuild/bin/external/uuid \
    '-Werror=sign-compare' \
    '-Werror=unused-variable' \
    '-Werror=unused-but-set-variable' \
    '-Werror=switch' \
    '-march=native' \
    -fno-canonical-system-headers \
    -Wno-builtin-macro-redefined \
    '-D__DATE__="redacted"' \
    '-D__TIMESTAMP__="redacted"' \
    '-D__TIME__="redacted"' \
    -c \
    modules/ACC_Test/ACC.c \
    -o \
    bazel-out/k8-fastbuild/bin/modules/ACC_Test/_objs/acc_lib/ACC.pic.o)

action 'Compiling modules/ACC_Test/DVARead.c'
  Mnemonic: CppCompile
  Target: //modules/ACC_Test:acc_lib
  Configuration: k8-fastbuild
  ActionKey: 40d58fa9f4dbeeacb89d8cc36c45150f87f5619c986d8ddc7c00a5ecefd1869e
  Inputs: [bazel-out/host/internal/_middlemen/external_Slocal_Uconfig_Ucc_Ccompiler_Udeps, bazel-out/k8-fastbuild/internal/_middlemen/_S_Smodules_SACC_UTest_Cacc_Ulib-BazelCppSemantics_build_arch_k8-fastbuild, external/bazel_tools/tools/cpp/grep-includes.sh, modules/ACC_Test/DVARead.c]
  Outputs: [bazel-out/k8-fastbuild/bin/modules/ACC_Test/_objs/acc_lib/DVARead.pic.d, bazel-out/k8-fastbuild/bin/modules/ACC_Test/_objs/acc_lib/DVARead.pic.o]
  Environment: [CUDA_TOOLKIT_PATH=/usr/local/cuda-10.2, GCC_HOST_COMPILER_PATH=/usr/bin/x86_64-linux-gnu-gcc-7, PYTHON_BIN_PATH=/usr/bin/python3, PYTHON_LIB_PATH=/usr/lib/python3/dist-packages, TF_CUDA_COMPUTE_CAPABILITIES=7.5]
  Command Line: (exec /usr/bin/gcc \
    -U_FORTIFY_SOURCE \
    -fstack-protector \
    -Wall \
    -Wunused-but-set-parameter \
    -Wno-free-nonheap-object \
    -fno-omit-frame-pointer \
    -MD \
    -MF \
    bazel-out/k8-fastbuild/bin/modules/ACC_Test/_objs/acc_lib/DVARead.pic.d \
    '-frandom-seed=bazel-out/k8-fastbuild/bin/modules/ACC_Test/_objs/acc_lib/DVARead.pic.o' \
    -fPIC \
    -iquote \
    . \
    -iquote \
    bazel-out/k8-fastbuild/bin \
    -iquote \
    external/com_google_glog \
    -iquote \
    bazel-out/k8-fastbuild/bin/external/com_google_glog \
    -iquote \
    external/com_github_gflags_gflags \
    -iquote \
    bazel-out/k8-fastbuild/bin/external/com_github_gflags_gflags \
    -iquote \
    external/com_google_protobuf \
    -iquote \
    bazel-out/k8-fastbuild/bin/external/com_google_protobuf \
    -iquote \
    external/zlib \
    -iquote \
    bazel-out/k8-fastbuild/bin/external/zlib \
    -iquote \
    external/fastrtps \
    -iquote \
    bazel-out/k8-fastbuild/bin/external/fastrtps \
    -iquote \
    external/fastcdr \
    -iquote \
    bazel-out/k8-fastbuild/bin/external/fastcdr \
    -iquote \
    external/poco \
    -iquote \
    bazel-out/k8-fastbuild/bin/external/poco \
    -iquote \
    external/uuid \
    -iquote \
    bazel-out/k8-fastbuild/bin/external/uuid \
    -isystem \
    external/com_google_glog \
    -isystem \
    bazel-out/k8-fastbuild/bin/external/com_google_glog \
    -isystem \
    external/com_github_gflags_gflags \
    -isystem \
    bazel-out/k8-fastbuild/bin/external/com_github_gflags_gflags \
    -isystem \
    external/com_google_protobuf/src \
    -isystem \
    bazel-out/k8-fastbuild/bin/external/com_google_protobuf/src \
    -isystem \
    external/zlib/zlib/include \
    -isystem \
    bazel-out/k8-fastbuild/bin/external/zlib/zlib/include \
    -isystem \
    external/fastrtps \
    -isystem \
    bazel-out/k8-fastbuild/bin/external/fastrtps \
    -isystem \
    external/fastcdr \
    -isystem \
    bazel-out/k8-fastbuild/bin/external/fastcdr \
    -isystem \
    external/poco \
    -isystem \
    bazel-out/k8-fastbuild/bin/external/poco \
    -isystem \
    external/uuid \
    -isystem \
    bazel-out/k8-fastbuild/bin/external/uuid \
    '-Werror=sign-compare' \
    '-Werror=unused-variable' \
    '-Werror=unused-but-set-variable' \
    '-Werror=switch' \
    '-march=native' \
    -fno-canonical-system-headers \
    -Wno-builtin-macro-redefined \
    '-D__DATE__="redacted"' \
    '-D__TIMESTAMP__="redacted"' \
    '-D__TIME__="redacted"' \
    -c \
    modules/ACC_Test/DVARead.c \
    -o \
    bazel-out/k8-fastbuild/bin/modules/ACC_Test/_objs/acc_lib/DVARead.pic.o)

action 'Compiling modules/ACC_Test/DVAWrite.c'
  Mnemonic: CppCompile
  Target: //modules/ACC_Test:acc_lib
  Configuration: k8-fastbuild
  ActionKey: abe60fb29e60fc1af65b6eb72ca2959f8ddf7f8fab50e2d9d768661c7aac480f
  Inputs: [bazel-out/host/internal/_middlemen/external_Slocal_Uconfig_Ucc_Ccompiler_Udeps, bazel-out/k8-fastbuild/internal/_middlemen/_S_Smodules_SACC_UTest_Cacc_Ulib-BazelCppSemantics_build_arch_k8-fastbuild, external/bazel_tools/tools/cpp/grep-includes.sh, modules/ACC_Test/DVAWrite.c]
  Outputs: [bazel-out/k8-fastbuild/bin/modules/ACC_Test/_objs/acc_lib/DVAWrite.pic.d, bazel-out/k8-fastbuild/bin/modules/ACC_Test/_objs/acc_lib/DVAWrite.pic.o]
  Environment: [CUDA_TOOLKIT_PATH=/usr/local/cuda-10.2, GCC_HOST_COMPILER_PATH=/usr/bin/x86_64-linux-gnu-gcc-7, PYTHON_BIN_PATH=/usr/bin/python3, PYTHON_LIB_PATH=/usr/lib/python3/dist-packages, TF_CUDA_COMPUTE_CAPABILITIES=7.5]
  Command Line: (exec /usr/bin/gcc \
    -U_FORTIFY_SOURCE \
    -fstack-protector \
    -Wall \
    -Wunused-but-set-parameter \
    -Wno-free-nonheap-object \
    -fno-omit-frame-pointer \
    -MD \
    -MF \
    bazel-out/k8-fastbuild/bin/modules/ACC_Test/_objs/acc_lib/DVAWrite.pic.d \
    '-frandom-seed=bazel-out/k8-fastbuild/bin/modules/ACC_Test/_objs/acc_lib/DVAWrite.pic.o' \
    -fPIC \
    -iquote \
    . \
    -iquote \
    bazel-out/k8-fastbuild/bin \
    -iquote \
    external/com_google_glog \
    -iquote \
    bazel-out/k8-fastbuild/bin/external/com_google_glog \
    -iquote \
    external/com_github_gflags_gflags \
    -iquote \
    bazel-out/k8-fastbuild/bin/external/com_github_gflags_gflags \
    -iquote \
    external/com_google_protobuf \
    -iquote \
    bazel-out/k8-fastbuild/bin/external/com_google_protobuf \
    -iquote \
    external/zlib \
    -iquote \
    bazel-out/k8-fastbuild/bin/external/zlib \
    -iquote \
    external/fastrtps \
    -iquote \
    bazel-out/k8-fastbuild/bin/external/fastrtps \
    -iquote \
    external/fastcdr \
    -iquote \
    bazel-out/k8-fastbuild/bin/external/fastcdr \
    -iquote \
    external/poco \
    -iquote \
    bazel-out/k8-fastbuild/bin/external/poco \
    -iquote \
    external/uuid \
    -iquote \
    bazel-out/k8-fastbuild/bin/external/uuid \
    -isystem \
    external/com_google_glog \
    -isystem \
    bazel-out/k8-fastbuild/bin/external/com_google_glog \
    -isystem \
    external/com_github_gflags_gflags \
    -isystem \
    bazel-out/k8-fastbuild/bin/external/com_github_gflags_gflags \
    -isystem \
    external/com_google_protobuf/src \
    -isystem \
    bazel-out/k8-fastbuild/bin/external/com_google_protobuf/src \
    -isystem \
    external/zlib/zlib/include \
    -isystem \
    bazel-out/k8-fastbuild/bin/external/zlib/zlib/include \
    -isystem \
    external/fastrtps \
    -isystem \
    bazel-out/k8-fastbuild/bin/external/fastrtps \
    -isystem \
    external/fastcdr \
    -isystem \
    bazel-out/k8-fastbuild/bin/external/fastcdr \
    -isystem \
    external/poco \
    -isystem \
    bazel-out/k8-fastbuild/bin/external/poco \
    -isystem \
    external/uuid \
    -isystem \
    bazel-out/k8-fastbuild/bin/external/uuid \
    '-Werror=sign-compare' \
    '-Werror=unused-variable' \
    '-Werror=unused-but-set-variable' \
    '-Werror=switch' \
    '-march=native' \
    -fno-canonical-system-headers \
    -Wno-builtin-macro-redefined \
    '-D__DATE__="redacted"' \
    '-D__TIMESTAMP__="redacted"' \
    '-D__TIME__="redacted"' \
    -c \
    modules/ACC_Test/DVAWrite.c \
    -o \
    bazel-out/k8-fastbuild/bin/modules/ACC_Test/_objs/acc_lib/DVAWrite.pic.o)

action 'Compiling modules/ACC_Test/GuiCmd.c'
  Mnemonic: CppCompile
  Target: //modules/ACC_Test:acc_lib
  Configuration: k8-fastbuild
  ActionKey: 274633578b2263c9d33a993aac578b31b3ba0e6808c484d8361e8a14c8e09535
  Inputs: [bazel-out/host/internal/_middlemen/external_Slocal_Uconfig_Ucc_Ccompiler_Udeps, bazel-out/k8-fastbuild/internal/_middlemen/_S_Smodules_SACC_UTest_Cacc_Ulib-BazelCppSemantics_build_arch_k8-fastbuild, external/bazel_tools/tools/cpp/grep-includes.sh, modules/ACC_Test/GuiCmd.c]
  Outputs: [bazel-out/k8-fastbuild/bin/modules/ACC_Test/_objs/acc_lib/GuiCmd.pic.d, bazel-out/k8-fastbuild/bin/modules/ACC_Test/_objs/acc_lib/GuiCmd.pic.o]
  Environment: [CUDA_TOOLKIT_PATH=/usr/local/cuda-10.2, GCC_HOST_COMPILER_PATH=/usr/bin/x86_64-linux-gnu-gcc-7, PYTHON_BIN_PATH=/usr/bin/python3, PYTHON_LIB_PATH=/usr/lib/python3/dist-packages, TF_CUDA_COMPUTE_CAPABILITIES=7.5]
  Command Line: (exec /usr/bin/gcc \
    -U_FORTIFY_SOURCE \
    -fstack-protector \
    -Wall \
    -Wunused-but-set-parameter \
    -Wno-free-nonheap-object \
    -fno-omit-frame-pointer \
    -MD \
    -MF \
    bazel-out/k8-fastbuild/bin/modules/ACC_Test/_objs/acc_lib/GuiCmd.pic.d \
    '-frandom-seed=bazel-out/k8-fastbuild/bin/modules/ACC_Test/_objs/acc_lib/GuiCmd.pic.o' \
    -fPIC \
    -iquote \
    . \
    -iquote \
    bazel-out/k8-fastbuild/bin \
    -iquote \
    external/com_google_glog \
    -iquote \
    bazel-out/k8-fastbuild/bin/external/com_google_glog \
    -iquote \
    external/com_github_gflags_gflags \
    -iquote \
    bazel-out/k8-fastbuild/bin/external/com_github_gflags_gflags \
    -iquote \
    external/com_google_protobuf \
    -iquote \
    bazel-out/k8-fastbuild/bin/external/com_google_protobuf \
    -iquote \
    external/zlib \
    -iquote \
    bazel-out/k8-fastbuild/bin/external/zlib \
    -iquote \
    external/fastrtps \
    -iquote \
    bazel-out/k8-fastbuild/bin/external/fastrtps \
    -iquote \
    external/fastcdr \
    -iquote \
    bazel-out/k8-fastbuild/bin/external/fastcdr \
    -iquote \
    external/poco \
    -iquote \
    bazel-out/k8-fastbuild/bin/external/poco \
    -iquote \
    external/uuid \
    -iquote \
    bazel-out/k8-fastbuild/bin/external/uuid \
    -isystem \
    external/com_google_glog \
    -isystem \
    bazel-out/k8-fastbuild/bin/external/com_google_glog \
    -isystem \
    external/com_github_gflags_gflags \
    -isystem \
    bazel-out/k8-fastbuild/bin/external/com_github_gflags_gflags \
    -isystem \
    external/com_google_protobuf/src \
    -isystem \
    bazel-out/k8-fastbuild/bin/external/com_google_protobuf/src \
    -isystem \
    external/zlib/zlib/include \
    -isystem \
    bazel-out/k8-fastbuild/bin/external/zlib/zlib/include \
    -isystem \
    external/fastrtps \
    -isystem \
    bazel-out/k8-fastbuild/bin/external/fastrtps \
    -isystem \
    external/fastcdr \
    -isystem \
    bazel-out/k8-fastbuild/bin/external/fastcdr \
    -isystem \
    external/poco \
    -isystem \
    bazel-out/k8-fastbuild/bin/external/poco \
    -isystem \
    external/uuid \
    -isystem \
    bazel-out/k8-fastbuild/bin/external/uuid \
    '-Werror=sign-compare' \
    '-Werror=unused-variable' \
    '-Werror=unused-but-set-variable' \
    '-Werror=switch' \
    '-march=native' \
    -fno-canonical-system-headers \
    -Wno-builtin-macro-redefined \
    '-D__DATE__="redacted"' \
    '-D__TIMESTAMP__="redacted"' \
    '-D__TIME__="redacted"' \
    -c \
    modules/ACC_Test/GuiCmd.c \
    -o \
    bazel-out/k8-fastbuild/bin/modules/ACC_Test/_objs/acc_lib/GuiCmd.pic.o)

action 'Compiling modules/ACC_Test/ApoClnt.c'
  Mnemonic: CppCompile
  Target: //modules/ACC_Test:acc_lib
  Configuration: k8-fastbuild
  ActionKey: 59ce4847093f8e71dd1d8262112fdf26a5bce631ccbe389cdd683a863f45004f
  Inputs: [bazel-out/host/internal/_middlemen/external_Slocal_Uconfig_Ucc_Ccompiler_Udeps, bazel-out/k8-fastbuild/internal/_middlemen/_S_Smodules_SACC_UTest_Cacc_Ulib-BazelCppSemantics_build_arch_k8-fastbuild, external/bazel_tools/tools/cpp/grep-includes.sh, modules/ACC_Test/ApoClnt.c]
  Outputs: [bazel-out/k8-fastbuild/bin/modules/ACC_Test/_objs/acc_lib/ApoClnt.pic.d, bazel-out/k8-fastbuild/bin/modules/ACC_Test/_objs/acc_lib/ApoClnt.pic.o]
  Environment: [CUDA_TOOLKIT_PATH=/usr/local/cuda-10.2, GCC_HOST_COMPILER_PATH=/usr/bin/x86_64-linux-gnu-gcc-7, PYTHON_BIN_PATH=/usr/bin/python3, PYTHON_LIB_PATH=/usr/lib/python3/dist-packages, TF_CUDA_COMPUTE_CAPABILITIES=7.5]
  Command Line: (exec /usr/bin/gcc \
    -U_FORTIFY_SOURCE \
    -fstack-protector \
    -Wall \
    -Wunused-but-set-parameter \
    -Wno-free-nonheap-object \
    -fno-omit-frame-pointer \
    -MD \
    -MF \
    bazel-out/k8-fastbuild/bin/modules/ACC_Test/_objs/acc_lib/ApoClnt.pic.d \
    '-frandom-seed=bazel-out/k8-fastbuild/bin/modules/ACC_Test/_objs/acc_lib/ApoClnt.pic.o' \
    -fPIC \
    -iquote \
    . \
    -iquote \
    bazel-out/k8-fastbuild/bin \
    -iquote \
    external/com_google_glog \
    -iquote \
    bazel-out/k8-fastbuild/bin/external/com_google_glog \
    -iquote \
    external/com_github_gflags_gflags \
    -iquote \
    bazel-out/k8-fastbuild/bin/external/com_github_gflags_gflags \
    -iquote \
    external/com_google_protobuf \
    -iquote \
    bazel-out/k8-fastbuild/bin/external/com_google_protobuf \
    -iquote \
    external/zlib \
    -iquote \
    bazel-out/k8-fastbuild/bin/external/zlib \
    -iquote \
    external/fastrtps \
    -iquote \
    bazel-out/k8-fastbuild/bin/external/fastrtps \
    -iquote \
    external/fastcdr \
    -iquote \
    bazel-out/k8-fastbuild/bin/external/fastcdr \
    -iquote \
    external/poco \
    -iquote \
    bazel-out/k8-fastbuild/bin/external/poco \
    -iquote \
    external/uuid \
    -iquote \
    bazel-out/k8-fastbuild/bin/external/uuid \
    -isystem \
    external/com_google_glog \
    -isystem \
    bazel-out/k8-fastbuild/bin/external/com_google_glog \
    -isystem \
    external/com_github_gflags_gflags \
    -isystem \
    bazel-out/k8-fastbuild/bin/external/com_github_gflags_gflags \
    -isystem \
    external/com_google_protobuf/src \
    -isystem \
    bazel-out/k8-fastbuild/bin/external/com_google_protobuf/src \
    -isystem \
    external/zlib/zlib/include \
    -isystem \
    bazel-out/k8-fastbuild/bin/external/zlib/zlib/include \
    -isystem \
    external/fastrtps \
    -isystem \
    bazel-out/k8-fastbuild/bin/external/fastrtps \
    -isystem \
    external/fastcdr \
    -isystem \
    bazel-out/k8-fastbuild/bin/external/fastcdr \
    -isystem \
    external/poco \
    -isystem \
    bazel-out/k8-fastbuild/bin/external/poco \
    -isystem \
    external/uuid \
    -isystem \
    bazel-out/k8-fastbuild/bin/external/uuid \
    '-Werror=sign-compare' \
    '-Werror=unused-variable' \
    '-Werror=unused-but-set-variable' \
    '-Werror=switch' \
    '-march=native' \
    -fno-canonical-system-headers \
    -Wno-builtin-macro-redefined \
    '-D__DATE__="redacted"' \
    '-D__TIMESTAMP__="redacted"' \
    '-D__TIME__="redacted"' \
    -c \
    modules/ACC_Test/ApoClnt.c \
    -o \
    bazel-out/k8-fastbuild/bin/modules/ACC_Test/_objs/acc_lib/ApoClnt.pic.o)

action 'Writing file modules/ACC_Test/libacc_lib.a-2.params'
  Mnemonic: FileWrite
  Target: //modules/ACC_Test:acc_lib
  Configuration: k8-fastbuild
  ActionKey: 34f856e42c68fad5e556a493871f1914a396aac45272d4ff4da9e116a64c8cb5
  Inputs: []
  Outputs: [bazel-out/k8-fastbuild/bin/modules/ACC_Test/libacc_lib.a-2.params]

action 'Linking modules/ACC_Test/libacc_lib.a'
  Mnemonic: CppLink
  Target: //modules/ACC_Test:acc_lib
  Configuration: k8-fastbuild
  ActionKey: 84b4aebab345aaf45371af102e958b77dc1b05356913332a57a37359c7f7ba38
  Inputs: [bazel-out/host/internal/_middlemen/external_Slocal_Uconfig_Ucc_Ccompiler_Udeps, bazel-out/k8-fastbuild/bin/modules/ACC_Test/_objs/acc_lib/ACC.pic.o, bazel-out/k8-fastbuild/bin/modules/ACC_Test/_objs/acc_lib/ApoClnt.pic.o, bazel-out/k8-fastbuild/bin/modules/ACC_Test/_objs/acc_lib/DVARead.pic.o, bazel-out/k8-fastbuild/bin/modules/ACC_Test/_objs/acc_lib/DVAWrite.pic.o, bazel-out/k8-fastbuild/bin/modules/ACC_Test/_objs/acc_lib/GuiCmd.pic.o, bazel-out/k8-fastbuild/bin/modules/ACC_Test/_objs/acc_lib/acc_component.pic.o, bazel-out/k8-fastbuild/bin/modules/ACC_Test/libacc_lib.a-2.params]
  Outputs: [bazel-out/k8-fastbuild/bin/modules/ACC_Test/libacc_lib.a]
  Environment: [CUDA_TOOLKIT_PATH=/usr/local/cuda-10.2, GCC_HOST_COMPILER_PATH=/usr/bin/x86_64-linux-gnu-gcc-7, PYTHON_BIN_PATH=/usr/bin/python3, PYTHON_LIB_PATH=/usr/lib/python3/dist-packages, TF_CUDA_COMPUTE_CAPABILITIES=7.5]
  Command Line: (exec /usr/bin/ar \
    rcsD \
    bazel-out/k8-fastbuild/bin/modules/ACC_Test/libacc_lib.a \
    bazel-out/k8-fastbuild/bin/modules/ACC_Test/_objs/acc_lib/acc_component.pic.o \
    bazel-out/k8-fastbuild/bin/modules/ACC_Test/_objs/acc_lib/ACC.pic.o \
    bazel-out/k8-fastbuild/bin/modules/ACC_Test/_objs/acc_lib/DVARead.pic.o \
    bazel-out/k8-fastbuild/bin/modules/ACC_Test/_objs/acc_lib/DVAWrite.pic.o \
    bazel-out/k8-fastbuild/bin/modules/ACC_Test/_objs/acc_lib/GuiCmd.pic.o \
    bazel-out/k8-fastbuild/bin/modules/ACC_Test/_objs/acc_lib/ApoClnt.pic.o \
    @bazel-out/k8-fastbuild/bin/modules/ACC_Test/libacc_lib.a-2.params)

action 'Expanding template modules/ACC_Test/acc_lib_cpplint'
  Mnemonic: TemplateExpand
  Target: //modules/ACC_Test:acc_lib_cpplint
  Configuration: k8-fastbuild
  ActionKey: 597c7bda79c7ff98a735df98c5017445d551c6209e532706812065cc31b561ed
  Inputs: []
  Outputs: [bazel-out/k8-fastbuild/bin/modules/ACC_Test/acc_lib_cpplint]

action 'Creating source manifest for //modules/ACC_Test:acc_lib_cpplint'
  Mnemonic: SourceSymlinkManifest
  Target: //modules/ACC_Test:acc_lib_cpplint
  Configuration: k8-fastbuild
  ActionKey: 7b948483b1d12376206cefb6339068c1ccb6d683c7410eedddaad8a8f1ca2e16
  Inputs: []
  Outputs: [bazel-out/k8-fastbuild/bin/modules/ACC_Test/acc_lib_cpplint.runfiles_manifest]

action 'Creating runfiles tree bazel-out/k8-fastbuild/bin/modules/ACC_Test/acc_lib_cpplint.runfiles'
  Mnemonic: SymlinkTree
  Target: //modules/ACC_Test:acc_lib_cpplint
  Configuration: k8-fastbuild
  ActionKey: 25835663154e8b1c017b45699e6ca199194fc8c47b41928ad935eecba42caf36
  Inputs: [bazel-out/k8-fastbuild/bin/modules/ACC_Test/acc_lib_cpplint.runfiles_manifest]
  Outputs: [bazel-out/k8-fastbuild/bin/modules/ACC_Test/acc_lib_cpplint.runfiles/MANIFEST]
  Environment: [CUDA_TOOLKIT_PATH=/usr/local/cuda-10.2, GCC_HOST_COMPILER_PATH=/usr/bin/x86_64-linux-gnu-gcc-7, PYTHON_BIN_PATH=/usr/bin/python3, PYTHON_LIB_PATH=/usr/lib/python3/dist-packages, TF_CUDA_COMPUTE_CAPABILITIES=7.5]

runfiles for //modules/ACC_Test:acc_lib_cpplint
  Mnemonic: Middleman
  Target: //modules/ACC_Test:acc_lib_cpplint
  Configuration: k8-fastbuild
  ActionKey: db9e25a4399752c6f2173101cef156d8cc65052294fbaae629f895aa7120c672
  Inputs: [CPPLINT.cfg, bazel-out/host/bin/external/bazel_tools/tools/python/py3wrapper.sh, bazel-out/k8-fastbuild/bin/external/cpplint/cpplint_binary, bazel-out/k8-fastbuild/bin/modules/ACC_Test/acc_lib_cpplint, bazel-out/k8-fastbuild/bin/modules/ACC_Test/acc_lib_cpplint.runfiles/MANIFEST, external/cpplint/cpplint.py, modules/ACC_Test/ACC.c, modules/ACC_Test/ACC.h, modules/ACC_Test/ApoClnt.c, modules/ACC_Test/ApoClnt.h, modules/ACC_Test/DVA.h, modules/ACC_Test/DVARead.c, modules/ACC_Test/DVAWrite.c, modules/ACC_Test/GuiCmd.c, modules/ACC_Test/GuiCmd.h, modules/ACC_Test/acc_component.cc, modules/ACC_Test/acc_component.h, modules/ACC_Test/apo.h]
  Outputs: [bazel-out/k8-fastbuild/internal/_middlemen/modules_SACC_UTest_Sacc_Ulib_Ucpplint-runfiles]

action 'Expanding template modules/ACC_Test/acc_lib_cpplint.temp'
  Mnemonic: TemplateExpand
  Target: //modules/ACC_Test:acc_lib_cpplint
  Configuration: k8-fastbuild
  ActionKey: 13fa5fd949a40a728a448a5edb531b4a8a869f13386f554e5d57a5947d0e9c36
  Inputs: []
  Outputs: [bazel-out/k8-fastbuild/bin/modules/ACC_Test/acc_lib_cpplint.temp]

action 'PythonZipper modules/ACC_Test/acc_lib_cpplint.zip'
  Mnemonic: PythonZipper
  Target: //modules/ACC_Test:acc_lib_cpplint
  Configuration: k8-fastbuild
  ActionKey: 3f771af10ecf5c1ea0450629aa2cc957cd4d61c4772eba45c617ddb0f4477980
  Inputs: [CPPLINT.cfg, bazel-out/host/bin/external/bazel_tools/tools/python/py3wrapper.sh, bazel-out/k8-fastbuild/bin/external/cpplint/cpplint_binary, bazel-out/k8-fastbuild/bin/modules/ACC_Test/acc_lib_cpplint.temp, external/bazel_tools/tools/zip/zipper/zipper, external/cpplint/cpplint.py, modules/ACC_Test/ACC.c, modules/ACC_Test/ACC.h, modules/ACC_Test/ApoClnt.c, modules/ACC_Test/ApoClnt.h, modules/ACC_Test/DVA.h, modules/ACC_Test/DVARead.c, modules/ACC_Test/DVAWrite.c, modules/ACC_Test/GuiCmd.c, modules/ACC_Test/GuiCmd.h, modules/ACC_Test/acc_component.cc, modules/ACC_Test/acc_component.h, modules/ACC_Test/apo.h]
  Outputs: [bazel-out/k8-fastbuild/bin/modules/ACC_Test/acc_lib_cpplint.zip]
  Environment: [CUDA_TOOLKIT_PATH=/usr/local/cuda-10.2, GCC_HOST_COMPILER_PATH=/usr/bin/x86_64-linux-gnu-gcc-7, PYTHON_BIN_PATH=/usr/bin/python3, PYTHON_LIB_PATH=/usr/lib/python3/dist-packages, TF_CUDA_COMPUTE_CAPABILITIES=7.5]
  Command Line: (exec external/bazel_tools/tools/zip/zipper/zipper \
    cC \
    bazel-out/k8-fastbuild/bin/modules/ACC_Test/acc_lib_cpplint.zip \
    '__main__.py=bazel-out/k8-fastbuild/bin/modules/ACC_Test/acc_lib_cpplint.temp' \
    '__init__.py=' \
    'runfiles/apollo/__init__.py=' \
    'runfiles/cpplint/__init__.py=' \
    'runfiles/__init__.py=' \
    'runfiles/cpplint/cpplint.py=external/cpplint/cpplint.py' \
    'runfiles/apollo/CPPLINT.cfg=CPPLINT.cfg' \
    'runfiles/apollo/modules/ACC_Test/acc_component.cc=modules/ACC_Test/acc_component.cc' \
    'runfiles/apollo/modules/ACC_Test/ACC.c=modules/ACC_Test/ACC.c' \
    'runfiles/apollo/modules/ACC_Test/DVARead.c=modules/ACC_Test/DVARead.c' \
    'runfiles/apollo/modules/ACC_Test/DVAWrite.c=modules/ACC_Test/DVAWrite.c' \
    'runfiles/apollo/modules/ACC_Test/GuiCmd.c=modules/ACC_Test/GuiCmd.c' \
    'runfiles/apollo/modules/ACC_Test/ApoClnt.c=modules/ACC_Test/ApoClnt.c' \
    'runfiles/apollo/modules/ACC_Test/ACC.h=modules/ACC_Test/ACC.h' \
    'runfiles/apollo/modules/ACC_Test/ApoClnt.h=modules/ACC_Test/ApoClnt.h' \
    'runfiles/apollo/modules/ACC_Test/DVA.h=modules/ACC_Test/DVA.h' \
    'runfiles/apollo/modules/ACC_Test/GuiCmd.h=modules/ACC_Test/GuiCmd.h' \
    'runfiles/apollo/modules/ACC_Test/acc_component.h=modules/ACC_Test/acc_component.h' \
    'runfiles/apollo/modules/ACC_Test/apo.h=modules/ACC_Test/apo.h' \
    'runfiles/cpplint/cpplint_binary=bazel-out/k8-fastbuild/bin/external/cpplint/cpplint_binary' \
    'runfiles/bazel_tools/tools/python/py3wrapper.sh=bazel-out/host/bin/external/bazel_tools/tools/python/py3wrapper.sh')

action 'Testing //modules/ACC_Test:acc_lib_cpplint'
  Mnemonic: TestRunner
  Target: //modules/ACC_Test:acc_lib_cpplint
  Configuration: k8-fastbuild
  ActionKey: 7ca04a59afa3400f18b78fc9f5ad1f069696278218a04b3d87b085ab56d993d6
  Inputs: [bazel-out/k8-fastbuild/internal/_middlemen/modules_SACC_UTest_Sacc_Ulib_Ucpplint-runfiles, external/bazel_tools/tools/test/generate-xml.sh, external/bazel_tools/tools/test/test-setup.sh]
  Outputs: [bazel-out/k8-fastbuild/testlogs/modules/ACC_Test/acc_lib_cpplint/test.cache_status, bazel-out/k8-fastbuild/testlogs/modules/ACC_Test/acc_lib_cpplint/test.log]
  Environment: [CUDA_TOOLKIT_PATH=/usr/local/cuda-10.2, GCC_HOST_COMPILER_PATH=/usr/bin/x86_64-linux-gnu-gcc-7, PYTHON_BIN_PATH=/usr/bin/python3, PYTHON_LIB_PATH=/usr/lib/python3/dist-packages, TF_CUDA_COMPUTE_CAPABILITIES=7.5]
  Command Line: (exec external/bazel_tools/tools/test/test-setup.sh \
    modules/ACC_Test/acc_lib_cpplint \
    '--extensions=c,cc,cpp,cxx,c++,C,h,hh,hpp,hxx,inc' \
    modules/ACC_Test/acc_component.cc \
    modules/ACC_Test/ACC.c \
    modules/ACC_Test/DVARead.c \
    modules/ACC_Test/DVAWrite.c \
    modules/ACC_Test/GuiCmd.c \
    modules/ACC_Test/ApoClnt.c \
    modules/ACC_Test/ACC.h \
    modules/ACC_Test/ApoClnt.h \
    modules/ACC_Test/DVA.h \
    modules/ACC_Test/GuiCmd.h \
    modules/ACC_Test/acc_component.h \
    modules/ACC_Test/apo.h)

BazelCppSemantics_build_arch_k8-fastbuild for //modules/ACC_Test:libapo
  Mnemonic: Middleman
  Target: //modules/ACC_Test:libapo
  Configuration: k8-fastbuild
  ActionKey: db9e25a4399752c6f2173101cef156d8cc65052294fbaae629f895aa7120c672
  Inputs: [modules/ACC_Test/apo.h]
  Outputs: [bazel-out/k8-fastbuild/internal/_middlemen/_S_Smodules_SACC_UTest_Clibapo-BazelCppSemantics_build_arch_k8-fastbuild]

action 'Expanding template modules/ACC_Test/libapo_cpplint'
  Mnemonic: TemplateExpand
  Target: //modules/ACC_Test:libapo_cpplint
  Configuration: k8-fastbuild
  ActionKey: f6d4967a20547300bcf99c83e6da31d3dc27456bd0c5e94080c951f58aa468c0
  Inputs: []
  Outputs: [bazel-out/k8-fastbuild/bin/modules/ACC_Test/libapo_cpplint]

action 'Creating source manifest for //modules/ACC_Test:libapo_cpplint'
  Mnemonic: SourceSymlinkManifest
  Target: //modules/ACC_Test:libapo_cpplint
  Configuration: k8-fastbuild
  ActionKey: 2086fae1b82ed3f5be09a80b36ef211a5bf438455b5e11e8310795307e1c4b8d
  Inputs: []
  Outputs: [bazel-out/k8-fastbuild/bin/modules/ACC_Test/libapo_cpplint.runfiles_manifest]

action 'Creating runfiles tree bazel-out/k8-fastbuild/bin/modules/ACC_Test/libapo_cpplint.runfiles'
  Mnemonic: SymlinkTree
  Target: //modules/ACC_Test:libapo_cpplint
  Configuration: k8-fastbuild
  ActionKey: 93c3be2d43012574e8d50cc567137db7a725cb28419be94f38c6a64bebec0126
  Inputs: [bazel-out/k8-fastbuild/bin/modules/ACC_Test/libapo_cpplint.runfiles_manifest]
  Outputs: [bazel-out/k8-fastbuild/bin/modules/ACC_Test/libapo_cpplint.runfiles/MANIFEST]
  Environment: [CUDA_TOOLKIT_PATH=/usr/local/cuda-10.2, GCC_HOST_COMPILER_PATH=/usr/bin/x86_64-linux-gnu-gcc-7, PYTHON_BIN_PATH=/usr/bin/python3, PYTHON_LIB_PATH=/usr/lib/python3/dist-packages, TF_CUDA_COMPUTE_CAPABILITIES=7.5]

runfiles for //modules/ACC_Test:libapo_cpplint
  Mnemonic: Middleman
  Target: //modules/ACC_Test:libapo_cpplint
  Configuration: k8-fastbuild
  ActionKey: db9e25a4399752c6f2173101cef156d8cc65052294fbaae629f895aa7120c672
  Inputs: [CPPLINT.cfg, bazel-out/host/bin/external/bazel_tools/tools/python/py3wrapper.sh, bazel-out/k8-fastbuild/bin/external/cpplint/cpplint_binary, bazel-out/k8-fastbuild/bin/modules/ACC_Test/libapo_cpplint, bazel-out/k8-fastbuild/bin/modules/ACC_Test/libapo_cpplint.runfiles/MANIFEST, external/cpplint/cpplint.py, modules/ACC_Test/apo.h]
  Outputs: [bazel-out/k8-fastbuild/internal/_middlemen/modules_SACC_UTest_Slibapo_Ucpplint-runfiles]

action 'Expanding template modules/ACC_Test/libapo_cpplint.temp'
  Mnemonic: TemplateExpand
  Target: //modules/ACC_Test:libapo_cpplint
  Configuration: k8-fastbuild
  ActionKey: e8a2ebf8194e30674f36d7feed83c82296b416c8a8e32a39d7dc53ed19c7f2e7
  Inputs: []
  Outputs: [bazel-out/k8-fastbuild/bin/modules/ACC_Test/libapo_cpplint.temp]

action 'PythonZipper modules/ACC_Test/libapo_cpplint.zip'
  Mnemonic: PythonZipper
  Target: //modules/ACC_Test:libapo_cpplint
  Configuration: k8-fastbuild
  ActionKey: 890caf22854a7b0f026a6d258ba2f105a2c8f7e0633fd8f456a3e61f575b1132
  Inputs: [CPPLINT.cfg, bazel-out/host/bin/external/bazel_tools/tools/python/py3wrapper.sh, bazel-out/k8-fastbuild/bin/external/cpplint/cpplint_binary, bazel-out/k8-fastbuild/bin/modules/ACC_Test/libapo_cpplint.temp, external/bazel_tools/tools/zip/zipper/zipper, external/cpplint/cpplint.py, modules/ACC_Test/apo.h]
  Outputs: [bazel-out/k8-fastbuild/bin/modules/ACC_Test/libapo_cpplint.zip]
  Environment: [CUDA_TOOLKIT_PATH=/usr/local/cuda-10.2, GCC_HOST_COMPILER_PATH=/usr/bin/x86_64-linux-gnu-gcc-7, PYTHON_BIN_PATH=/usr/bin/python3, PYTHON_LIB_PATH=/usr/lib/python3/dist-packages, TF_CUDA_COMPUTE_CAPABILITIES=7.5]
  Command Line: (exec external/bazel_tools/tools/zip/zipper/zipper \
    cC \
    bazel-out/k8-fastbuild/bin/modules/ACC_Test/libapo_cpplint.zip \
    '__main__.py=bazel-out/k8-fastbuild/bin/modules/ACC_Test/libapo_cpplint.temp' \
    '__init__.py=' \
    'runfiles/apollo/__init__.py=' \
    'runfiles/cpplint/__init__.py=' \
    'runfiles/__init__.py=' \
    'runfiles/cpplint/cpplint.py=external/cpplint/cpplint.py' \
    'runfiles/apollo/CPPLINT.cfg=CPPLINT.cfg' \
    'runfiles/apollo/modules/ACC_Test/apo.h=modules/ACC_Test/apo.h' \
    'runfiles/cpplint/cpplint_binary=bazel-out/k8-fastbuild/bin/external/cpplint/cpplint_binary' \
    'runfiles/bazel_tools/tools/python/py3wrapper.sh=bazel-out/host/bin/external/bazel_tools/tools/python/py3wrapper.sh')

action 'Testing //modules/ACC_Test:libapo_cpplint'
  Mnemonic: TestRunner
  Target: //modules/ACC_Test:libapo_cpplint
  Configuration: k8-fastbuild
  ActionKey: fbfe679b83e323a6d9d2bc375652db1daebaaa727600d756a0265c424951916e
  Inputs: [bazel-out/k8-fastbuild/internal/_middlemen/modules_SACC_UTest_Slibapo_Ucpplint-runfiles, external/bazel_tools/tools/test/generate-xml.sh, external/bazel_tools/tools/test/test-setup.sh]
  Outputs: [bazel-out/k8-fastbuild/testlogs/modules/ACC_Test/libapo_cpplint/test.cache_status, bazel-out/k8-fastbuild/testlogs/modules/ACC_Test/libapo_cpplint/test.log]
  Environment: [CUDA_TOOLKIT_PATH=/usr/local/cuda-10.2, GCC_HOST_COMPILER_PATH=/usr/bin/x86_64-linux-gnu-gcc-7, PYTHON_BIN_PATH=/usr/bin/python3, PYTHON_LIB_PATH=/usr/lib/python3/dist-packages, TF_CUDA_COMPUTE_CAPABILITIES=7.5]
  Command Line: (exec external/bazel_tools/tools/test/test-setup.sh \
    modules/ACC_Test/libapo_cpplint \
    '--extensions=c,cc,cpp,cxx,c++,C,h,hh,hpp,hxx,inc' \
    modules/ACC_Test/apo.h)

