BazelCppSemantics_build_arch_k8-fastbuild for //modules/ACC_Test:ACC_Component.so
  Mnemonic: Middleman
  Target: //modules/ACC_Test:ACC_Component.so
  Configuration: k8-fastbuild
  ActionKey: db9e25a4399752c6f2173101cef156d8cc65052294fbaae629f895aa7120c672
  Inputs: [bazel-out/k8-fastbuild/internal/_middlemen/_S_Smodules_SACC_UTest_Cacc_Ucomponent_Ulib-BazelCppSemantics_build_arch_k8-fastbuild]
  Outputs: [bazel-out/k8-fastbuild/internal/_middlemen/_S_Smodules_SACC_UTest_CACC_UComponent.so-BazelCppSemantics_build_arch_k8-fastbuild]

action 'Writing file modules/ACC_Test/ACC_Component.so-2.params'
  Mnemonic: FileWrite
  Target: //modules/ACC_Test:ACC_Component.so
  Configuration: k8-fastbuild
  ActionKey: 59aaabf1eada7787ac2b35015eb8328fd9ad4df35a57a89ae0938f20d02b671a
  Inputs: []
  Outputs: [bazel-out/k8-fastbuild/bin/modules/ACC_Test/ACC_Component.so-2.params]

action 'Linking modules/ACC_Test/ACC_Component.so'
  Mnemonic: CppLink
  Target: //modules/ACC_Test:ACC_Component.so
  Configuration: k8-fastbuild
  ActionKey: f97741a25c463b6e0aac3caa435dc947530d31739fd2144763acea7e8c10a7df
  Inputs: [bazel-out/host/internal/_middlemen/external_Slocal_Uconfig_Ucc_Ccompiler_Udeps, bazel-out/k8-fastbuild/bin/_solib_k8/libcyber_Sblocker_Slibblocker_Umanager.so, bazel-out/k8-fastbuild/bin/_solib_k8/libcyber_Sclass_Uloader_Slibclass_Uloader.so, bazel-out/k8-fastbuild/bin/_solib_k8/libcyber_Sclass_Uloader_Slibclass_Uloader_Umanager.so, bazel-out/k8-fastbuild/bin/_solib_k8/libcyber_Scommon_Slibfile.so, bazel-out/k8-fastbuild/bin/_solib_k8/libcyber_Scommon_Slibglobal_Udata.so, bazel-out/k8-fastbuild/bin/_solib_k8/libcyber_Scomponent_Slibtimer_Ucomponent.so, bazel-out/k8-fastbuild/bin/_solib_k8/libcyber_Scroutine_Slibcroutine.so, bazel-out/k8-fastbuild/bin/_solib_k8/libcyber_Scroutine_Slibroutine_Ucontext.so, bazel-out/k8-fastbuild/bin/_solib_k8/libcyber_Scroutine_Slibswap.so, bazel-out/k8-fastbuild/bin/_solib_k8/libcyber_Sevent_Slibperf_Uevent_Ucache.so, bazel-out/k8-fastbuild/bin/_solib_k8/libcyber_Sio_Slibpoll_Uhandler.so, bazel-out/k8-fastbuild/bin/_solib_k8/libcyber_Sio_Slibpoller.so, bazel-out/k8-fastbuild/bin/_solib_k8/libcyber_Sio_Slibsession.so, bazel-out/k8-fastbuild/bin/_solib_k8/libcyber_Slibbinary.so, bazel-out/k8-fastbuild/bin/_solib_k8/libcyber_Slibcyber_Ucore.so, bazel-out/k8-fastbuild/bin/_solib_k8/libcyber_Slibinit.so, bazel-out/k8-fastbuild/bin/_solib_k8/libcyber_Slibstate.so, bazel-out/k8-fastbuild/bin/_solib_k8/libcyber_Slogger_Slibasync_Ulogger.so, bazel-out/k8-fastbuild/bin/_solib_k8/libcyber_Slogger_Sliblog_Ufile_Uobject.so, bazel-out/k8-fastbuild/bin/_solib_k8/libcyber_Slogger_Sliblogger.so, bazel-out/k8-fastbuild/bin/_solib_k8/libcyber_Slogger_Sliblogger_Uutil.so, bazel-out/k8-fastbuild/bin/_solib_k8/libcyber_Smessage_Slibprotobuf_Ufactory.so, bazel-out/k8-fastbuild/bin/_solib_k8/libcyber_Snode_Slibnode.so, bazel-out/k8-fastbuild/bin/_solib_k8/libcyber_Sparameter_Slibparameter.so, bazel-out/k8-fastbuild/bin/_solib_k8/libcyber_Sparameter_Slibparameter_Uclient.so, bazel-out/k8-fastbuild/bin/_solib_k8/libcyber_Sparameter_Slibparameter_Userver.so, bazel-out/k8-fastbuild/bin/_solib_k8/libcyber_Sproto_Slibchoreography_Uconf_Uproto.so, bazel-out/k8-fastbuild/bin/_solib_k8/libcyber_Sproto_Slibclassic_Uconf_Uproto.so, bazel-out/k8-fastbuild/bin/_solib_k8/libcyber_Sproto_Slibclock_Uproto.so, bazel-out/k8-fastbuild/bin/_solib_k8/libcyber_Sproto_Slibcomponent_Uconf_Uproto.so, bazel-out/k8-fastbuild/bin/_solib_k8/libcyber_Sproto_Slibcyber_Uconf_Uproto.so, bazel-out/k8-fastbuild/bin/_solib_k8/libcyber_Sproto_Slibparameter_Uproto.so, bazel-out/k8-fastbuild/bin/_solib_k8/libcyber_Sproto_Slibperf_Uconf_Uproto.so, bazel-out/k8-fastbuild/bin/_solib_k8/libcyber_Sproto_Slibproto_Udesc_Uproto.so, bazel-out/k8-fastbuild/bin/_solib_k8/libcyber_Sproto_Slibqos_Uprofile_Uproto.so, bazel-out/k8-fastbuild/bin/_solib_k8/libcyber_Sproto_Slibrecord_Uproto.so, bazel-out/k8-fastbuild/bin/_solib_k8/libcyber_Sproto_Slibrole_Uattributes_Uproto.so, bazel-out/k8-fastbuild/bin/_solib_k8/libcyber_Sproto_Slibrun_Umode_Uconf_Uproto.so, bazel-out/k8-fastbuild/bin/_solib_k8/libcyber_Sproto_Slibscheduler_Uconf_Uproto.so, bazel-out/k8-fastbuild/bin/_solib_k8/libcyber_Sproto_Slibtopology_Uchange_Uproto.so, bazel-out/k8-fastbuild/bin/_solib_k8/libcyber_Sproto_Slibtransport_Uconf_Uproto.so, bazel-out/k8-fastbuild/bin/_solib_k8/libcyber_Srecord_Slibheader_Ubuilder.so, bazel-out/k8-fastbuild/bin/_solib_k8/libcyber_Srecord_Slibrecord_Ufile_Ubase.so, bazel-out/k8-fastbuild/bin/_solib_k8/libcyber_Srecord_Slibrecord_Ufile_Ureader.so, bazel-out/k8-fastbuild/bin/_solib_k8/libcyber_Srecord_Slibrecord_Ufile_Uwriter.so, bazel-out/k8-fastbuild/bin/_solib_k8/libcyber_Srecord_Slibrecord_Ureader.so, bazel-out/k8-fastbuild/bin/_solib_k8/libcyber_Srecord_Slibrecord_Uviewer.so, bazel-out/k8-fastbuild/bin/_solib_k8/libcyber_Srecord_Slibrecord_Uwriter.so, bazel-out/k8-fastbuild/bin/_solib_k8/libcyber_Sscheduler_Slibchoreography_Ucontext.so, bazel-out/k8-fastbuild/bin/_solib_k8/libcyber_Sscheduler_Slibclassic_Ucontext.so, bazel-out/k8-fastbuild/bin/_solib_k8/libcyber_Sscheduler_Slibpin_Uthread.so, bazel-out/k8-fastbuild/bin/_solib_k8/libcyber_Sscheduler_Slibprocessor.so, bazel-out/k8-fastbuild/bin/_solib_k8/libcyber_Sscheduler_Slibprocessor_Ucontext.so, bazel-out/k8-fastbuild/bin/_solib_k8/libcyber_Sscheduler_Slibscheduler.so, bazel-out/k8-fastbuild/bin/_solib_k8/libcyber_Sscheduler_Slibscheduler_Uchoreography.so, bazel-out/k8-fastbuild/bin/_solib_k8/libcyber_Sscheduler_Slibscheduler_Uclassic.so, bazel-out/k8-fastbuild/bin/_solib_k8/libcyber_Sscheduler_Slibscheduler_Ufactory.so, bazel-out/k8-fastbuild/bin/_solib_k8/libcyber_Sservice_Udiscovery_Slibchannel_Umanager.so, bazel-out/k8-fastbuild/bin/_solib_k8/libcyber_Sservice_Udiscovery_Slibgraph.so, bazel-out/k8-fastbuild/bin/_solib_k8/libcyber_Sservice_Udiscovery_Slibmanager.so, bazel-out/k8-fastbuild/bin/_solib_k8/libcyber_Sservice_Udiscovery_Slibmulti_Uvalue_Uwarehouse.so, bazel-out/k8-fastbuild/bin/_solib_k8/libcyber_Sservice_Udiscovery_Slibnode_Umanager.so, bazel-out/k8-fastbuild/bin/_solib_k8/libcyber_Sservice_Udiscovery_Slibparticipant_Ulistener.so, bazel-out/k8-fastbuild/bin/_solib_k8/libcyber_Sservice_Udiscovery_Slibrole.so, bazel-out/k8-fastbuild/bin/_solib_k8/libcyber_Sservice_Udiscovery_Slibservice_Umanager.so, bazel-out/k8-fastbuild/bin/_solib_k8/libcyber_Sservice_Udiscovery_Slibsingle_Uvalue_Uwarehouse.so, bazel-out/k8-fastbuild/bin/_solib_k8/libcyber_Sservice_Udiscovery_Slibsubscriber_Ulistener.so, bazel-out/k8-fastbuild/bin/_solib_k8/libcyber_Sservice_Udiscovery_Slibtopology_Umanager.so, bazel-out/k8-fastbuild/bin/_solib_k8/libcyber_Ssysmo_Slibsysmo.so, bazel-out/k8-fastbuild/bin/_solib_k8/libcyber_Stask_Slibtask_Umanager.so, bazel-out/k8-fastbuild/bin/_solib_k8/libcyber_Stime_Slibclock.so, bazel-out/k8-fastbuild/bin/_solib_k8/libcyber_Stime_Slibduration.so, bazel-out/k8-fastbuild/bin/_solib_k8/libcyber_Stime_Slibrate.so, bazel-out/k8-fastbuild/bin/_solib_k8/libcyber_Stime_Slibtime.so, bazel-out/k8-fastbuild/bin/_solib_k8/libcyber_Stimer_Slibtimer.so, bazel-out/k8-fastbuild/bin/_solib_k8/libcyber_Stimer_Slibtiming_Uwheel.so, bazel-out/k8-fastbuild/bin/_solib_k8/libcyber_Stransport_Slibattributes_Ufiller.so, bazel-out/k8-fastbuild/bin/_solib_k8/libcyber_Stransport_Slibblock.so, bazel-out/k8-fastbuild/bin/_solib_k8/libcyber_Stransport_Slibcondition_Unotifier.so, bazel-out/k8-fastbuild/bin/_solib_k8/libcyber_Stransport_Slibdispatcher.so, bazel-out/k8-fastbuild/bin/_solib_k8/libcyber_Stransport_Slibendpoint.so, bazel-out/k8-fastbuild/bin/_solib_k8/libcyber_Stransport_Slibidentity.so, bazel-out/k8-fastbuild/bin/_solib_k8/libcyber_Stransport_Slibintra_Udispatcher.so, bazel-out/k8-fastbuild/bin/_solib_k8/libcyber_Stransport_Slibmessage_Uinfo.so, bazel-out/k8-fastbuild/bin/_solib_k8/libcyber_Stransport_Slibmulticast_Unotifier.so, bazel-out/k8-fastbuild/bin/_solib_k8/libcyber_Stransport_Slibnotifier_Ufactory.so, bazel-out/k8-fastbuild/bin/_solib_k8/libcyber_Stransport_Slibparticipant.so, bazel-out/k8-fastbuild/bin/_solib_k8/libcyber_Stransport_Slibposix_Usegment.so, bazel-out/k8-fastbuild/bin/_solib_k8/libcyber_Stransport_Slibqos_Uprofile_Uconf.so, bazel-out/k8-fastbuild/bin/_solib_k8/libcyber_Stransport_Slibreadable_Uinfo.so, bazel-out/k8-fastbuild/bin/_solib_k8/libcyber_Stransport_Slibrtps_Udispatcher.so, bazel-out/k8-fastbuild/bin/_solib_k8/libcyber_Stransport_Slibsegment.so, bazel-out/k8-fastbuild/bin/_solib_k8/libcyber_Stransport_Slibsegment_Ufactory.so, bazel-out/k8-fastbuild/bin/_solib_k8/libcyber_Stransport_Slibshm_Uconf.so, bazel-out/k8-fastbuild/bin/_solib_k8/libcyber_Stransport_Slibshm_Udispatcher.so, bazel-out/k8-fastbuild/bin/_solib_k8/libcyber_Stransport_Slibstate.so, bazel-out/k8-fastbuild/bin/_solib_k8/libcyber_Stransport_Slibsub_Ulistener.so, bazel-out/k8-fastbuild/bin/_solib_k8/libcyber_Stransport_Slibtransport.so, bazel-out/k8-fastbuild/bin/_solib_k8/libcyber_Stransport_Slibunderlay_Umessage.so, bazel-out/k8-fastbuild/bin/_solib_k8/libcyber_Stransport_Slibunderlay_Umessage_Utype.so, bazel-out/k8-fastbuild/bin/_solib_k8/libcyber_Stransport_Slibxsi_Usegment.so, bazel-out/k8-fastbuild/bin/_solib_k8/libexternal_Scom_Ugoogle_Uprotobuf_Slibprotobuf.so, bazel-out/k8-fastbuild/bin/_solib_k8/libexternal_Scom_Ugoogle_Uprotobuf_Slibprotobuf_Ulite.so, bazel-out/k8-fastbuild/bin/_solib_k8/libexternal_Szlib_Slibzlib.so, bazel-out/k8-fastbuild/bin/_solib_k8/libmodules_SACC_UTest_Slibacc_Ucomponent_Ulib.so, bazel-out/k8-fastbuild/bin/modules/ACC_Test/ACC_Component.so-2.params, bazel-out/k8-fastbuild/bin/modules/ACC_Test/_objs/acc_lib/ACC.pic.o, bazel-out/k8-fastbuild/bin/modules/ACC_Test/_objs/acc_lib/ApoClnt.pic.o, bazel-out/k8-fastbuild/bin/modules/ACC_Test/_objs/acc_lib/DVARead.pic.o, bazel-out/k8-fastbuild/bin/modules/ACC_Test/_objs/acc_lib/DVAWrite.pic.o, bazel-out/k8-fastbuild/bin/modules/ACC_Test/_objs/acc_lib/GuiCmd.pic.o, bazel-out/k8-fastbuild/internal/_middlemen/_S_Smodules_SACC_UTest_CACC_UComponent.so-BazelCppSemantics_build_arch_k8-fastbuild, external/bazel_tools/tools/cpp/build_interface_so, external/bazel_tools/tools/cpp/link_dynamic_library.sh, modules/ACC_Test/libapo/libapo-client-linux64.a]
  Outputs: [bazel-out/k8-fastbuild/bin/modules/ACC_Test/ACC_Component.so]
  Environment: [CUDA_TOOLKIT_PATH=/usr/local/cuda-10.2, GCC_HOST_COMPILER_PATH=/usr/bin/x86_64-linux-gnu-gcc-7, PYTHON_BIN_PATH=/usr/bin/python3, PYTHON_LIB_PATH=/usr/lib/python3/dist-packages, TF_CUDA_COMPUTE_CAPABILITIES=7.5]
  Command Line: (exec /usr/bin/gcc \
    -shared \
    -o \
    bazel-out/k8-fastbuild/bin/modules/ACC_Test/ACC_Component.so \
    '-Wl,-rpath,$ORIGIN/../../_solib_k8/' \
    -Lbazel-out/k8-fastbuild/bin/_solib_k8 \
    -Wl,-S \
    '-fuse-ld=gold' \
    -Wl,-no-as-needed \
    -Wl,-z,relro,-z,now \
    -B/usr/bin \
    -pass-exit-codes \
    -lstdc++ \
    -lm \
    -lmodules_SACC_UTest_Slibacc_Ucomponent_Ulib \
    -lcyber_Slibcyber_Ucore \
    -lcyber_Sclass_Uloader_Slibclass_Uloader_Umanager \
    -lcyber_Scomponent_Slibtimer_Ucomponent \
    -lcyber_Sclass_Uloader_Slibclass_Uloader \
    -lcyber_Slibinit \
    -lcyber_Sproto_Slibclock_Uproto \
    -lcyber_Sio_Slibsession \
    -lcyber_Sio_Slibpoll_Uhandler \
    -lcyber_Sio_Slibpoller \
    -lcyber_Slogger_Sliblogger \
    -lcyber_Slogger_Slibasync_Ulogger \
    -lcyber_Slogger_Sliblog_Ufile_Uobject \
    -lcyber_Slogger_Sliblogger_Uutil \
    -lcyber_Sparameter_Slibparameter_Uclient \
    -lcyber_Sparameter_Slibparameter_Userver \
    -lcyber_Sparameter_Slibparameter \
    -lcyber_Sproto_Slibparameter_Uproto \
    -lcyber_Snode_Slibnode \
    -lcyber_Sblocker_Slibblocker_Umanager \
    -lcyber_Srecord_Slibrecord_Uviewer \
    -lcyber_Srecord_Slibrecord_Ureader \
    -lcyber_Srecord_Slibrecord_Ufile_Ureader \
    -lcyber_Srecord_Slibrecord_Uwriter \
    -lcyber_Srecord_Slibheader_Ubuilder \
    -lcyber_Srecord_Slibrecord_Ufile_Uwriter \
    -lcyber_Srecord_Slibrecord_Ufile_Ubase \
    -lcyber_Sproto_Slibrecord_Uproto \
    -lcyber_Sservice_Udiscovery_Slibtopology_Umanager \
    -lcyber_Sservice_Udiscovery_Slibchannel_Umanager \
    -lcyber_Sservice_Udiscovery_Slibgraph \
    -lcyber_Sservice_Udiscovery_Slibnode_Umanager \
    -lcyber_Sservice_Udiscovery_Slibparticipant_Ulistener \
    -lcyber_Sservice_Udiscovery_Slibservice_Umanager \
    -lcyber_Sservice_Udiscovery_Slibmanager \
    -lcyber_Sservice_Udiscovery_Slibsubscriber_Ulistener \
    -lcyber_Sproto_Slibtopology_Uchange_Uproto \
    -lcyber_Sservice_Udiscovery_Slibmulti_Uvalue_Uwarehouse \
    -lcyber_Sservice_Udiscovery_Slibsingle_Uvalue_Uwarehouse \
    -lcyber_Ssysmo_Slibsysmo \
    -lcyber_Stime_Slibclock \
    -lcyber_Stimer_Slibtimer \
    -lcyber_Stimer_Slibtiming_Uwheel \
    -lcyber_Stime_Slibrate \
    -lcyber_Stransport_Slibtransport \
    -lcyber_Stransport_Slibintra_Udispatcher \
    -lcyber_Stransport_Slibrtps_Udispatcher \
    -lcyber_Stransport_Slibattributes_Ufiller \
    -lcyber_Stransport_Slibqos_Uprofile_Uconf \
    -lcyber_Stransport_Slibshm_Udispatcher \
    -lcyber_Stransport_Slibdispatcher \
    -lcyber_Stransport_Slibnotifier_Ufactory \
    -lcyber_Stransport_Slibcondition_Unotifier \
    -lcyber_Stransport_Slibmulticast_Unotifier \
    -lcyber_Stransport_Slibsegment_Ufactory \
    -lcyber_Stransport_Slibposix_Usegment \
    -lcyber_Stransport_Slibxsi_Usegment \
    -lcyber_Stransport_Slibsegment \
    -lcyber_Stransport_Slibblock \
    -lcyber_Stransport_Slibshm_Uconf \
    -lcyber_Stransport_Slibstate \
    -lcyber_Stransport_Slibreadable_Uinfo \
    -lcyber_Stransport_Slibendpoint \
    -lcyber_Sservice_Udiscovery_Slibrole \
    -lcyber_Sproto_Slibrole_Uattributes_Uproto \
    -lcyber_Stask_Slibtask_Umanager \
    -lcyber_Sscheduler_Slibscheduler_Ufactory \
    -lcyber_Sscheduler_Slibscheduler_Uchoreography \
    -lcyber_Sscheduler_Slibchoreography_Ucontext \
    -lcyber_Sscheduler_Slibscheduler_Uclassic \
    -lcyber_Sscheduler_Slibscheduler \
    -lcyber_Sscheduler_Slibpin_Uthread \
    -lcyber_Sscheduler_Slibclassic_Ucontext \
    -lcyber_Sscheduler_Slibprocessor \
    -lcyber_Sscheduler_Slibprocessor_Ucontext \
    -lcyber_Scroutine_Slibcroutine \
    -lcyber_Scroutine_Slibroutine_Ucontext \
    -lcyber_Scroutine_Slibswap \
    -lcyber_Sevent_Slibperf_Uevent_Ucache \
    -lcyber_Slibstate \
    -lcyber_Stime_Slibtime \
    -lcyber_Stime_Slibduration \
    -lcyber_Sproto_Slibcomponent_Uconf_Uproto \
    -lcyber_Sproto_Slibqos_Uprofile_Uproto \
    -lcyber_Stransport_Slibparticipant \
    -lcyber_Stransport_Slibsub_Ulistener \
    -lcyber_Stransport_Slibmessage_Uinfo \
    -lcyber_Scommon_Slibglobal_Udata \
    -lcyber_Scommon_Slibfile \
    -lcyber_Sproto_Slibcyber_Uconf_Uproto \
    -lcyber_Sproto_Slibscheduler_Uconf_Uproto \
    -lcyber_Sproto_Slibclassic_Uconf_Uproto \
    -lcyber_Sproto_Slibchoreography_Uconf_Uproto \
    -lcyber_Sproto_Slibtransport_Uconf_Uproto \
    -lcyber_Sproto_Slibrun_Umode_Uconf_Uproto \
    -lcyber_Sproto_Slibperf_Uconf_Uproto \
    -lcyber_Smessage_Slibprotobuf_Ufactory \
    -lcyber_Sproto_Slibproto_Udesc_Uproto \
    -lcyber_Stransport_Slibidentity \
    -lcyber_Stransport_Slibunderlay_Umessage_Utype \
    -lcyber_Stransport_Slibunderlay_Umessage \
    -lcyber_Slibbinary \
    -lexternal_Scom_Ugoogle_Uprotobuf_Slibprotobuf \
    -lexternal_Scom_Ugoogle_Uprotobuf_Slibprotobuf_Ulite \
    -lexternal_Szlib_Slibzlib \
    -Wl,--start-lib \
    bazel-out/k8-fastbuild/bin/modules/ACC_Test/_objs/acc_lib/ACC.pic.o \
    bazel-out/k8-fastbuild/bin/modules/ACC_Test/_objs/acc_lib/DVARead.pic.o \
    bazel-out/k8-fastbuild/bin/modules/ACC_Test/_objs/acc_lib/DVAWrite.pic.o \
    bazel-out/k8-fastbuild/bin/modules/ACC_Test/_objs/acc_lib/GuiCmd.pic.o \
    bazel-out/k8-fastbuild/bin/modules/ACC_Test/_objs/acc_lib/ApoClnt.pic.o \
    -Wl,--end-lib \
    modules/ACC_Test/libapo/libapo-client-linux64.a \
    -lrt \
    -L/opt/apollo/sysroot/lib \
    -lPocoFoundation \
    -latomic \
    -L/usr/local/lib \
    -lglog \
    -L/usr/local/lib \
    -lgflags \
    -lpthread \
    -lm \
    -lpthread \
    -lm \
    -L/usr/local/fast-rtps/lib \
    -lfastrtps \
    -L/usr/local/fast-rtps/lib \
    -lfastcdr \
    -luuid \
    @bazel-out/k8-fastbuild/bin/modules/ACC_Test/ACC_Component.so-2.params)

action 'Stripping modules/ACC_Test/ACC_Component.so.stripped for //modules/ACC_Test:ACC_Component.so'
  Mnemonic: CcStrip
  Target: //modules/ACC_Test:ACC_Component.so
  Configuration: k8-fastbuild
  ActionKey: 50909f5761a30d14f32fdf5b09754baea3af6791c0ef9b5019217958e583d457
  Inputs: [bazel-out/host/internal/_middlemen/external_Slocal_Uconfig_Ucc_Cempty, bazel-out/k8-fastbuild/bin/modules/ACC_Test/ACC_Component.so]
  Outputs: [bazel-out/k8-fastbuild/bin/modules/ACC_Test/ACC_Component.so.stripped]
  Environment: [CUDA_TOOLKIT_PATH=/usr/local/cuda-10.2, GCC_HOST_COMPILER_PATH=/usr/bin/x86_64-linux-gnu-gcc-7, PYTHON_BIN_PATH=/usr/bin/python3, PYTHON_LIB_PATH=/usr/lib/python3/dist-packages, TF_CUDA_COMPUTE_CAPABILITIES=7.5]
  Command Line: (exec /usr/bin/strip \
    -S \
    -p \
    -o \
    bazel-out/k8-fastbuild/bin/modules/ACC_Test/ACC_Component.so.stripped \
    -R \
    .gnu.switches.text.quote_paths \
    -R \
    .gnu.switches.text.bracket_paths \
    -R \
    .gnu.switches.text.system_paths \
    -R \
    .gnu.switches.text.cpp_defines \
    -R \
    .gnu.switches.text.cpp_includes \
    -R \
    .gnu.switches.text.cl_args \
    -R \
    .gnu.switches.text.lipo_info \
    -R \
    .gnu.switches.text.annotation \
    bazel-out/k8-fastbuild/bin/modules/ACC_Test/ACC_Component.so)

action 'Writing file modules/ACC_Test/ACC_Component.so.dwp'
  Mnemonic: FileWrite
  Target: //modules/ACC_Test:ACC_Component.so
  Configuration: k8-fastbuild
  ActionKey: 8bfa366824070092e016c0d24cfc35cb391dad36247df16128baeaa98d05a397
  Inputs: []
  Outputs: [bazel-out/k8-fastbuild/bin/modules/ACC_Test/ACC_Component.so.dwp]

action 'Creating source manifest for //modules/ACC_Test:ACC_Component.so'
  Mnemonic: SourceSymlinkManifest
  Target: //modules/ACC_Test:ACC_Component.so
  Configuration: k8-fastbuild
  ActionKey: cc818f0d00849ab2d05733c655254be46e6d6a6a11eb858fdce2217742258208
  Inputs: []
  Outputs: [bazel-out/k8-fastbuild/bin/modules/ACC_Test/ACC_Component.so.runfiles_manifest]

action 'Creating runfiles tree bazel-out/k8-fastbuild/bin/modules/ACC_Test/ACC_Component.so.runfiles'
  Mnemonic: SymlinkTree
  Target: //modules/ACC_Test:ACC_Component.so
  Configuration: k8-fastbuild
  ActionKey: 7283802b97f260137d3c60bd8c48d0962c204c3abbb306513085470c33f9f9e2
  Inputs: [bazel-out/k8-fastbuild/bin/modules/ACC_Test/ACC_Component.so.runfiles_manifest]
  Outputs: [bazel-out/k8-fastbuild/bin/modules/ACC_Test/ACC_Component.so.runfiles/MANIFEST]
  Environment: [CUDA_TOOLKIT_PATH=/usr/local/cuda-10.2, GCC_HOST_COMPILER_PATH=/usr/bin/x86_64-linux-gnu-gcc-7, PYTHON_BIN_PATH=/usr/bin/python3, PYTHON_LIB_PATH=/usr/lib/python3/dist-packages, TF_CUDA_COMPUTE_CAPABILITIES=7.5]

runfiles for //modules/ACC_Test:ACC_Component.so
  Mnemonic: Middleman
  Target: //modules/ACC_Test:ACC_Component.so
  Configuration: k8-fastbuild
  ActionKey: db9e25a4399752c6f2173101cef156d8cc65052294fbaae629f895aa7120c672
  Inputs: [bazel-out/k8-fastbuild/bin/_solib_k8/libcyber_Sblocker_Slibblocker_Umanager.so, bazel-out/k8-fastbuild/bin/_solib_k8/libcyber_Sclass_Uloader_Slibclass_Uloader.so, bazel-out/k8-fastbuild/bin/_solib_k8/libcyber_Sclass_Uloader_Slibclass_Uloader_Umanager.so, bazel-out/k8-fastbuild/bin/_solib_k8/libcyber_Scommon_Slibfile.so, bazel-out/k8-fastbuild/bin/_solib_k8/libcyber_Scommon_Slibglobal_Udata.so, bazel-out/k8-fastbuild/bin/_solib_k8/libcyber_Scomponent_Slibtimer_Ucomponent.so, bazel-out/k8-fastbuild/bin/_solib_k8/libcyber_Scroutine_Slibcroutine.so, bazel-out/k8-fastbuild/bin/_solib_k8/libcyber_Scroutine_Slibroutine_Ucontext.so, bazel-out/k8-fastbuild/bin/_solib_k8/libcyber_Scroutine_Slibswap.so, bazel-out/k8-fastbuild/bin/_solib_k8/libcyber_Sevent_Slibperf_Uevent_Ucache.so, bazel-out/k8-fastbuild/bin/_solib_k8/libcyber_Sio_Slibpoll_Uhandler.so, bazel-out/k8-fastbuild/bin/_solib_k8/libcyber_Sio_Slibpoller.so, bazel-out/k8-fastbuild/bin/_solib_k8/libcyber_Sio_Slibsession.so, bazel-out/k8-fastbuild/bin/_solib_k8/libcyber_Slibbinary.so, bazel-out/k8-fastbuild/bin/_solib_k8/libcyber_Slibcyber_Ucore.so, bazel-out/k8-fastbuild/bin/_solib_k8/libcyber_Slibinit.so, bazel-out/k8-fastbuild/bin/_solib_k8/libcyber_Slibstate.so, bazel-out/k8-fastbuild/bin/_solib_k8/libcyber_Slogger_Slibasync_Ulogger.so, bazel-out/k8-fastbuild/bin/_solib_k8/libcyber_Slogger_Sliblog_Ufile_Uobject.so, bazel-out/k8-fastbuild/bin/_solib_k8/libcyber_Slogger_Sliblogger.so, bazel-out/k8-fastbuild/bin/_solib_k8/libcyber_Slogger_Sliblogger_Uutil.so, bazel-out/k8-fastbuild/bin/_solib_k8/libcyber_Smessage_Slibprotobuf_Ufactory.so, bazel-out/k8-fastbuild/bin/_solib_k8/libcyber_Snode_Slibnode.so, bazel-out/k8-fastbuild/bin/_solib_k8/libcyber_Sparameter_Slibparameter.so, bazel-out/k8-fastbuild/bin/_solib_k8/libcyber_Sparameter_Slibparameter_Uclient.so, bazel-out/k8-fastbuild/bin/_solib_k8/libcyber_Sparameter_Slibparameter_Userver.so, bazel-out/k8-fastbuild/bin/_solib_k8/libcyber_Sproto_Slibchoreography_Uconf_Uproto.so, bazel-out/k8-fastbuild/bin/_solib_k8/libcyber_Sproto_Slibclassic_Uconf_Uproto.so, bazel-out/k8-fastbuild/bin/_solib_k8/libcyber_Sproto_Slibclock_Uproto.so, bazel-out/k8-fastbuild/bin/_solib_k8/libcyber_Sproto_Slibcomponent_Uconf_Uproto.so, bazel-out/k8-fastbuild/bin/_solib_k8/libcyber_Sproto_Slibcyber_Uconf_Uproto.so, bazel-out/k8-fastbuild/bin/_solib_k8/libcyber_Sproto_Slibparameter_Uproto.so, bazel-out/k8-fastbuild/bin/_solib_k8/libcyber_Sproto_Slibperf_Uconf_Uproto.so, bazel-out/k8-fastbuild/bin/_solib_k8/libcyber_Sproto_Slibproto_Udesc_Uproto.so, bazel-out/k8-fastbuild/bin/_solib_k8/libcyber_Sproto_Slibqos_Uprofile_Uproto.so, bazel-out/k8-fastbuild/bin/_solib_k8/libcyber_Sproto_Slibrecord_Uproto.so, bazel-out/k8-fastbuild/bin/_solib_k8/libcyber_Sproto_Slibrole_Uattributes_Uproto.so, bazel-out/k8-fastbuild/bin/_solib_k8/libcyber_Sproto_Slibrun_Umode_Uconf_Uproto.so, bazel-out/k8-fastbuild/bin/_solib_k8/libcyber_Sproto_Slibscheduler_Uconf_Uproto.so, bazel-out/k8-fastbuild/bin/_solib_k8/libcyber_Sproto_Slibtopology_Uchange_Uproto.so, bazel-out/k8-fastbuild/bin/_solib_k8/libcyber_Sproto_Slibtransport_Uconf_Uproto.so, bazel-out/k8-fastbuild/bin/_solib_k8/libcyber_Srecord_Slibheader_Ubuilder.so, bazel-out/k8-fastbuild/bin/_solib_k8/libcyber_Srecord_Slibrecord_Ufile_Ubase.so, bazel-out/k8-fastbuild/bin/_solib_k8/libcyber_Srecord_Slibrecord_Ufile_Ureader.so, bazel-out/k8-fastbuild/bin/_solib_k8/libcyber_Srecord_Slibrecord_Ufile_Uwriter.so, bazel-out/k8-fastbuild/bin/_solib_k8/libcyber_Srecord_Slibrecord_Ureader.so, bazel-out/k8-fastbuild/bin/_solib_k8/libcyber_Srecord_Slibrecord_Uviewer.so, bazel-out/k8-fastbuild/bin/_solib_k8/libcyber_Srecord_Slibrecord_Uwriter.so, bazel-out/k8-fastbuild/bin/_solib_k8/libcyber_Sscheduler_Slibchoreography_Ucontext.so, bazel-out/k8-fastbuild/bin/_solib_k8/libcyber_Sscheduler_Slibclassic_Ucontext.so, bazel-out/k8-fastbuild/bin/_solib_k8/libcyber_Sscheduler_Slibpin_Uthread.so, bazel-out/k8-fastbuild/bin/_solib_k8/libcyber_Sscheduler_Slibprocessor.so, bazel-out/k8-fastbuild/bin/_solib_k8/libcyber_Sscheduler_Slibprocessor_Ucontext.so, bazel-out/k8-fastbuild/bin/_solib_k8/libcyber_Sscheduler_Slibscheduler.so, bazel-out/k8-fastbuild/bin/_solib_k8/libcyber_Sscheduler_Slibscheduler_Uchoreography.so, bazel-out/k8-fastbuild/bin/_solib_k8/libcyber_Sscheduler_Slibscheduler_Uclassic.so, bazel-out/k8-fastbuild/bin/_solib_k8/libcyber_Sscheduler_Slibscheduler_Ufactory.so, bazel-out/k8-fastbuild/bin/_solib_k8/libcyber_Sservice_Udiscovery_Slibchannel_Umanager.so, bazel-out/k8-fastbuild/bin/_solib_k8/libcyber_Sservice_Udiscovery_Slibgraph.so, bazel-out/k8-fastbuild/bin/_solib_k8/libcyber_Sservice_Udiscovery_Slibmanager.so, bazel-out/k8-fastbuild/bin/_solib_k8/libcyber_Sservice_Udiscovery_Slibmulti_Uvalue_Uwarehouse.so, bazel-out/k8-fastbuild/bin/_solib_k8/libcyber_Sservice_Udiscovery_Slibnode_Umanager.so, bazel-out/k8-fastbuild/bin/_solib_k8/libcyber_Sservice_Udiscovery_Slibparticipant_Ulistener.so, bazel-out/k8-fastbuild/bin/_solib_k8/libcyber_Sservice_Udiscovery_Slibrole.so, bazel-out/k8-fastbuild/bin/_solib_k8/libcyber_Sservice_Udiscovery_Slibservice_Umanager.so, bazel-out/k8-fastbuild/bin/_solib_k8/libcyber_Sservice_Udiscovery_Slibsingle_Uvalue_Uwarehouse.so, bazel-out/k8-fastbuild/bin/_solib_k8/libcyber_Sservice_Udiscovery_Slibsubscriber_Ulistener.so, bazel-out/k8-fastbuild/bin/_solib_k8/libcyber_Sservice_Udiscovery_Slibtopology_Umanager.so, bazel-out/k8-fastbuild/bin/_solib_k8/libcyber_Ssysmo_Slibsysmo.so, bazel-out/k8-fastbuild/bin/_solib_k8/libcyber_Stask_Slibtask_Umanager.so, bazel-out/k8-fastbuild/bin/_solib_k8/libcyber_Stime_Slibclock.so, bazel-out/k8-fastbuild/bin/_solib_k8/libcyber_Stime_Slibduration.so, bazel-out/k8-fastbuild/bin/_solib_k8/libcyber_Stime_Slibrate.so, bazel-out/k8-fastbuild/bin/_solib_k8/libcyber_Stime_Slibtime.so, bazel-out/k8-fastbuild/bin/_solib_k8/libcyber_Stimer_Slibtimer.so, bazel-out/k8-fastbuild/bin/_solib_k8/libcyber_Stimer_Slibtiming_Uwheel.so, bazel-out/k8-fastbuild/bin/_solib_k8/libcyber_Stransport_Slibattributes_Ufiller.so, bazel-out/k8-fastbuild/bin/_solib_k8/libcyber_Stransport_Slibblock.so, bazel-out/k8-fastbuild/bin/_solib_k8/libcyber_Stransport_Slibcondition_Unotifier.so, bazel-out/k8-fastbuild/bin/_solib_k8/libcyber_Stransport_Slibdispatcher.so, bazel-out/k8-fastbuild/bin/_solib_k8/libcyber_Stransport_Slibendpoint.so, bazel-out/k8-fastbuild/bin/_solib_k8/libcyber_Stransport_Slibidentity.so, bazel-out/k8-fastbuild/bin/_solib_k8/libcyber_Stransport_Slibintra_Udispatcher.so, bazel-out/k8-fastbuild/bin/_solib_k8/libcyber_Stransport_Slibmessage_Uinfo.so, bazel-out/k8-fastbuild/bin/_solib_k8/libcyber_Stransport_Slibmulticast_Unotifier.so, bazel-out/k8-fastbuild/bin/_solib_k8/libcyber_Stransport_Slibnotifier_Ufactory.so, bazel-out/k8-fastbuild/bin/_solib_k8/libcyber_Stransport_Slibparticipant.so, bazel-out/k8-fastbuild/bin/_solib_k8/libcyber_Stransport_Slibposix_Usegment.so, bazel-out/k8-fastbuild/bin/_solib_k8/libcyber_Stransport_Slibqos_Uprofile_Uconf.so, bazel-out/k8-fastbuild/bin/_solib_k8/libcyber_Stransport_Slibreadable_Uinfo.so, bazel-out/k8-fastbuild/bin/_solib_k8/libcyber_Stransport_Slibrtps_Udispatcher.so, bazel-out/k8-fastbuild/bin/_solib_k8/libcyber_Stransport_Slibsegment.so, bazel-out/k8-fastbuild/bin/_solib_k8/libcyber_Stransport_Slibsegment_Ufactory.so, bazel-out/k8-fastbuild/bin/_solib_k8/libcyber_Stransport_Slibshm_Uconf.so, bazel-out/k8-fastbuild/bin/_solib_k8/libcyber_Stransport_Slibshm_Udispatcher.so, bazel-out/k8-fastbuild/bin/_solib_k8/libcyber_Stransport_Slibstate.so, bazel-out/k8-fastbuild/bin/_solib_k8/libcyber_Stransport_Slibsub_Ulistener.so, bazel-out/k8-fastbuild/bin/_solib_k8/libcyber_Stransport_Slibtransport.so, bazel-out/k8-fastbuild/bin/_solib_k8/libcyber_Stransport_Slibunderlay_Umessage.so, bazel-out/k8-fastbuild/bin/_solib_k8/libcyber_Stransport_Slibunderlay_Umessage_Utype.so, bazel-out/k8-fastbuild/bin/_solib_k8/libcyber_Stransport_Slibxsi_Usegment.so, bazel-out/k8-fastbuild/bin/_solib_k8/libexternal_Scom_Ugoogle_Uprotobuf_Slibprotobuf.so, bazel-out/k8-fastbuild/bin/_solib_k8/libexternal_Scom_Ugoogle_Uprotobuf_Slibprotobuf_Ulite.so, bazel-out/k8-fastbuild/bin/_solib_k8/libexternal_Szlib_Slibzlib.so, bazel-out/k8-fastbuild/bin/_solib_k8/libmodules_SACC_UTest_Slibacc_Ucomponent_Ulib.so, bazel-out/k8-fastbuild/bin/modules/ACC_Test/ACC_Component.so, bazel-out/k8-fastbuild/bin/modules/ACC_Test/ACC_Component.so.runfiles/MANIFEST, cyber/conf/compute_sched.conf, cyber/conf/compute_sched_choreography.conf, cyber/conf/compute_sched_classic.conf, cyber/conf/control_sched.conf, cyber/conf/control_sched_choreography.conf, cyber/conf/control_sched_classic.conf, cyber/conf/cyber.pb.conf, cyber/conf/dreamview_sched.conf, cyber/conf/example_sched_choreography.conf, cyber/conf/example_sched_classic.conf]
  Outputs: [bazel-out/k8-fastbuild/internal/_middlemen/modules_SACC_UTest_SACC_UComponent.so-runfiles]

BazelCppSemantics_build_arch_k8-fastbuild for //modules/ACC_Test:acc_component_lib
  Mnemonic: Middleman
  Target: //modules/ACC_Test:acc_component_lib
  Configuration: k8-fastbuild
  ActionKey: db9e25a4399752c6f2173101cef156d8cc65052294fbaae629f895aa7120c672
  Inputs: [bazel-out/k8-fastbuild/internal/_middlemen/_S_Scyber_Ccyber-BazelCppSemantics_build_arch_k8-fastbuild, bazel-out/k8-fastbuild/internal/_middlemen/_S_Smodules_SACC_UTest_Cacc_Ulib-BazelCppSemantics_build_arch_k8-fastbuild, modules/ACC_Test/acc_component.h]
  Outputs: [bazel-out/k8-fastbuild/internal/_middlemen/_S_Smodules_SACC_UTest_Cacc_Ucomponent_Ulib-BazelCppSemantics_build_arch_k8-fastbuild]

action 'Compiling modules/ACC_Test/acc_component.cc'
  Mnemonic: CppCompile
  Target: //modules/ACC_Test:acc_component_lib
  Configuration: k8-fastbuild
  ActionKey: b40041e38775e8dd59dafd1693835e5f8fd325916f3dc93dc8ab1239539dac3d
  Inputs: [bazel-out/host/internal/_middlemen/external_Slocal_Uconfig_Ucc_Ccompiler_Udeps, bazel-out/k8-fastbuild/internal/_middlemen/_S_Smodules_SACC_UTest_Cacc_Ucomponent_Ulib-BazelCppSemantics_build_arch_k8-fastbuild, external/bazel_tools/tools/cpp/grep-includes.sh, modules/ACC_Test/acc_component.cc]
  Outputs: [bazel-out/k8-fastbuild/bin/modules/ACC_Test/_objs/acc_component_lib/acc_component.pic.d, bazel-out/k8-fastbuild/bin/modules/ACC_Test/_objs/acc_component_lib/acc_component.pic.o]
  Environment: [CUDA_TOOLKIT_PATH=/usr/local/cuda-10.2, GCC_HOST_COMPILER_PATH=/usr/bin/x86_64-linux-gnu-gcc-7, PYTHON_BIN_PATH=/usr/bin/python3, PYTHON_LIB_PATH=/usr/lib/python3/dist-packages, TF_CUDA_COMPUTE_CAPABILITIES=7.5]
  Command Line: (exec /usr/bin/gcc \
    -U_FORTIFY_SOURCE \
    -fstack-protector \
    -Wall \
    -Wunused-but-set-parameter \
    -Wno-free-nonheap-object \
    -fno-omit-frame-pointer \
    '-std=c++0x' \
    -MD \
    -MF \
    bazel-out/k8-fastbuild/bin/modules/ACC_Test/_objs/acc_component_lib/acc_component.pic.d \
    '-frandom-seed=bazel-out/k8-fastbuild/bin/modules/ACC_Test/_objs/acc_component_lib/acc_component.pic.o' \
    -fPIC \
    -iquote \
    . \
    -iquote \
    bazel-out/k8-fastbuild/bin \
    -iquote \
    external/com_google_glog \
    -iquote \
    bazel-out/k8-fastbuild/bin/external/com_google_glog \
    -iquote \
    external/com_github_gflags_gflags \
    -iquote \
    bazel-out/k8-fastbuild/bin/external/com_github_gflags_gflags \
    -iquote \
    external/com_google_protobuf \
    -iquote \
    bazel-out/k8-fastbuild/bin/external/com_google_protobuf \
    -iquote \
    external/zlib \
    -iquote \
    bazel-out/k8-fastbuild/bin/external/zlib \
    -iquote \
    external/fastrtps \
    -iquote \
    bazel-out/k8-fastbuild/bin/external/fastrtps \
    -iquote \
    external/fastcdr \
    -iquote \
    bazel-out/k8-fastbuild/bin/external/fastcdr \
    -iquote \
    external/poco \
    -iquote \
    bazel-out/k8-fastbuild/bin/external/poco \
    -iquote \
    external/uuid \
    -iquote \
    bazel-out/k8-fastbuild/bin/external/uuid \
    -isystem \
    external/com_google_glog \
    -isystem \
    bazel-out/k8-fastbuild/bin/external/com_google_glog \
    -isystem \
    external/com_github_gflags_gflags \
    -isystem \
    bazel-out/k8-fastbuild/bin/external/com_github_gflags_gflags \
    -isystem \
    external/com_google_protobuf/src \
    -isystem \
    bazel-out/k8-fastbuild/bin/external/com_google_protobuf/src \
    -isystem \
    external/zlib/zlib/include \
    -isystem \
    bazel-out/k8-fastbuild/bin/external/zlib/zlib/include \
    -isystem \
    external/fastrtps \
    -isystem \
    bazel-out/k8-fastbuild/bin/external/fastrtps \
    -isystem \
    external/fastcdr \
    -isystem \
    bazel-out/k8-fastbuild/bin/external/fastcdr \
    -isystem \
    external/poco \
    -isystem \
    bazel-out/k8-fastbuild/bin/external/poco \
    -isystem \
    external/uuid \
    -isystem \
    bazel-out/k8-fastbuild/bin/external/uuid \
    '-Werror=sign-compare' \
    '-Werror=unused-variable' \
    '-Werror=unused-but-set-variable' \
    '-Werror=switch' \
    '-march=native' \
    '-fdiagnostics-color=always' \
    '-Werror=reorder' \
    '-std=c++14' \
    '-Werror=return-type' \
    -fno-canonical-system-headers \
    -Wno-builtin-macro-redefined \
    '-D__DATE__="redacted"' \
    '-D__TIMESTAMP__="redacted"' \
    '-D__TIME__="redacted"' \
    -c \
    modules/ACC_Test/acc_component.cc \
    -o \
    bazel-out/k8-fastbuild/bin/modules/ACC_Test/_objs/acc_component_lib/acc_component.pic.o)

action 'Writing file modules/ACC_Test/libacc_component_lib.a-2.params'
  Mnemonic: FileWrite
  Target: //modules/ACC_Test:acc_component_lib
  Configuration: k8-fastbuild
  ActionKey: 0ecb8c0533daaa6934697b7b0f1e507718d182b393cf026ad2ddaf91e74e6652
  Inputs: []
  Outputs: [bazel-out/k8-fastbuild/bin/modules/ACC_Test/libacc_component_lib.a-2.params]

action 'Linking modules/ACC_Test/libacc_component_lib.a'
  Mnemonic: CppLink
  Target: //modules/ACC_Test:acc_component_lib
  Configuration: k8-fastbuild
  ActionKey: 4fc67d514e7ee5fe8a8737f2b28d7a28eb295d54046753c0aad2231a4b74d602
  Inputs: [bazel-out/host/internal/_middlemen/external_Slocal_Uconfig_Ucc_Ccompiler_Udeps, bazel-out/k8-fastbuild/bin/modules/ACC_Test/_objs/acc_component_lib/acc_component.pic.o, bazel-out/k8-fastbuild/bin/modules/ACC_Test/libacc_component_lib.a-2.params]
  Outputs: [bazel-out/k8-fastbuild/bin/modules/ACC_Test/libacc_component_lib.a]
  Environment: [CUDA_TOOLKIT_PATH=/usr/local/cuda-10.2, GCC_HOST_COMPILER_PATH=/usr/bin/x86_64-linux-gnu-gcc-7, PYTHON_BIN_PATH=/usr/bin/python3, PYTHON_LIB_PATH=/usr/lib/python3/dist-packages, TF_CUDA_COMPUTE_CAPABILITIES=7.5]
  Command Line: (exec /usr/bin/ar \
    rcsD \
    bazel-out/k8-fastbuild/bin/modules/ACC_Test/libacc_component_lib.a \
    bazel-out/k8-fastbuild/bin/modules/ACC_Test/_objs/acc_component_lib/acc_component.pic.o \
    @bazel-out/k8-fastbuild/bin/modules/ACC_Test/libacc_component_lib.a-2.params)

action 'Writing file modules/ACC_Test/libacc_component_lib.so-2.params'
  Mnemonic: FileWrite
  Target: //modules/ACC_Test:acc_component_lib
  Configuration: k8-fastbuild
  ActionKey: 317f88eeb69fb004560d8e88fe4c3160fc3913ad1b4db22fb58938313649caa8
  Inputs: []
  Outputs: [bazel-out/k8-fastbuild/bin/modules/ACC_Test/libacc_component_lib.so-2.params]

action 'Linking modules/ACC_Test/libacc_component_lib.so'
  Mnemonic: CppLink
  Target: //modules/ACC_Test:acc_component_lib
  Configuration: k8-fastbuild
  ActionKey: 623bb3abc08612f861dda2b7bd12e4508b92d55b03dc54e573096e81f94cb141
  Inputs: [bazel-out/host/internal/_middlemen/external_Slocal_Uconfig_Ucc_Ccompiler_Udeps, bazel-out/k8-fastbuild/bin/modules/ACC_Test/_objs/acc_component_lib/acc_component.pic.o, bazel-out/k8-fastbuild/bin/modules/ACC_Test/libacc_component_lib.so-2.params, external/bazel_tools/tools/cpp/build_interface_so, external/bazel_tools/tools/cpp/link_dynamic_library.sh]
  Outputs: [bazel-out/k8-fastbuild/bin/modules/ACC_Test/libacc_component_lib.so]
  Environment: [CUDA_TOOLKIT_PATH=/usr/local/cuda-10.2, GCC_HOST_COMPILER_PATH=/usr/bin/x86_64-linux-gnu-gcc-7, PYTHON_BIN_PATH=/usr/bin/python3, PYTHON_LIB_PATH=/usr/lib/python3/dist-packages, TF_CUDA_COMPUTE_CAPABILITIES=7.5]
  Command Line: (exec /usr/bin/gcc \
    -shared \
    -o \
    bazel-out/k8-fastbuild/bin/modules/ACC_Test/libacc_component_lib.so \
    -Wl,-S \
    '-fuse-ld=gold' \
    -Wl,-no-as-needed \
    -Wl,-z,relro,-z,now \
    -B/usr/bin \
    -pass-exit-codes \
    -lstdc++ \
    -lm \
    bazel-out/k8-fastbuild/bin/modules/ACC_Test/_objs/acc_component_lib/acc_component.pic.o \
    @bazel-out/k8-fastbuild/bin/modules/ACC_Test/libacc_component_lib.so-2.params)

action 'SolibSymlink _solib_k8/libmodules_SACC_UTest_Slibacc_Ucomponent_Ulib.so'
  Mnemonic: SolibSymlink
  Target: //modules/ACC_Test:acc_component_lib
  Configuration: k8-fastbuild
  ActionKey: a591630632b1c3fa769afab2768feb6a81c018ac5f995817a11405006387217d
  Inputs: [bazel-out/k8-fastbuild/bin/modules/ACC_Test/libacc_component_lib.so]
  Outputs: [bazel-out/k8-fastbuild/bin/_solib_k8/libmodules_SACC_UTest_Slibacc_Ucomponent_Ulib.so]

action 'Expanding template modules/ACC_Test/acc_component_lib_cpplint'
  Mnemonic: TemplateExpand
  Target: //modules/ACC_Test:acc_component_lib_cpplint
  Configuration: k8-fastbuild
  ActionKey: 1bc18571dff54d0926fc2e8d8582e44060c1e33fe8a62ae1e0eecd628e2c2123
  Inputs: []
  Outputs: [bazel-out/k8-fastbuild/bin/modules/ACC_Test/acc_component_lib_cpplint]

action 'Creating source manifest for //modules/ACC_Test:acc_component_lib_cpplint'
  Mnemonic: SourceSymlinkManifest
  Target: //modules/ACC_Test:acc_component_lib_cpplint
  Configuration: k8-fastbuild
  ActionKey: ae0188670fb273e0df934344a5c93e75deb7e42a0016e9ca24f32f01e2ac3990
  Inputs: []
  Outputs: [bazel-out/k8-fastbuild/bin/modules/ACC_Test/acc_component_lib_cpplint.runfiles_manifest]

action 'Creating runfiles tree bazel-out/k8-fastbuild/bin/modules/ACC_Test/acc_component_lib_cpplint.runfiles'
  Mnemonic: SymlinkTree
  Target: //modules/ACC_Test:acc_component_lib_cpplint
  Configuration: k8-fastbuild
  ActionKey: b87dd50de5b7c9fd7b0588851cc616c1dbde41def0cdfea98feb08b53885c549
  Inputs: [bazel-out/k8-fastbuild/bin/modules/ACC_Test/acc_component_lib_cpplint.runfiles_manifest]
  Outputs: [bazel-out/k8-fastbuild/bin/modules/ACC_Test/acc_component_lib_cpplint.runfiles/MANIFEST]
  Environment: [CUDA_TOOLKIT_PATH=/usr/local/cuda-10.2, GCC_HOST_COMPILER_PATH=/usr/bin/x86_64-linux-gnu-gcc-7, PYTHON_BIN_PATH=/usr/bin/python3, PYTHON_LIB_PATH=/usr/lib/python3/dist-packages, TF_CUDA_COMPUTE_CAPABILITIES=7.5]

runfiles for //modules/ACC_Test:acc_component_lib_cpplint
  Mnemonic: Middleman
  Target: //modules/ACC_Test:acc_component_lib_cpplint
  Configuration: k8-fastbuild
  ActionKey: db9e25a4399752c6f2173101cef156d8cc65052294fbaae629f895aa7120c672
  Inputs: [CPPLINT.cfg, bazel-out/host/bin/external/bazel_tools/tools/python/py3wrapper.sh, bazel-out/k8-fastbuild/bin/external/cpplint/cpplint_binary, bazel-out/k8-fastbuild/bin/modules/ACC_Test/acc_component_lib_cpplint, bazel-out/k8-fastbuild/bin/modules/ACC_Test/acc_component_lib_cpplint.runfiles/MANIFEST, external/cpplint/cpplint.py, modules/ACC_Test/acc_component.cc, modules/ACC_Test/acc_component.h]
  Outputs: [bazel-out/k8-fastbuild/internal/_middlemen/modules_SACC_UTest_Sacc_Ucomponent_Ulib_Ucpplint-runfiles]

action 'Expanding template modules/ACC_Test/acc_component_lib_cpplint.temp'
  Mnemonic: TemplateExpand
  Target: //modules/ACC_Test:acc_component_lib_cpplint
  Configuration: k8-fastbuild
  ActionKey: cf06c83b503443658d904989c3655ceb18e57c15b0df76f279284fb6b045f74e
  Inputs: []
  Outputs: [bazel-out/k8-fastbuild/bin/modules/ACC_Test/acc_component_lib_cpplint.temp]

action 'PythonZipper modules/ACC_Test/acc_component_lib_cpplint.zip'
  Mnemonic: PythonZipper
  Target: //modules/ACC_Test:acc_component_lib_cpplint
  Configuration: k8-fastbuild
  ActionKey: 96fc398fbac4617f4cb77bd67fbecbcc7010037fc438141ac52b44e2b9030325
  Inputs: [CPPLINT.cfg, bazel-out/host/bin/external/bazel_tools/tools/python/py3wrapper.sh, bazel-out/k8-fastbuild/bin/external/cpplint/cpplint_binary, bazel-out/k8-fastbuild/bin/modules/ACC_Test/acc_component_lib_cpplint.temp, external/bazel_tools/tools/zip/zipper/zipper, external/cpplint/cpplint.py, modules/ACC_Test/acc_component.cc, modules/ACC_Test/acc_component.h]
  Outputs: [bazel-out/k8-fastbuild/bin/modules/ACC_Test/acc_component_lib_cpplint.zip]
  Environment: [CUDA_TOOLKIT_PATH=/usr/local/cuda-10.2, GCC_HOST_COMPILER_PATH=/usr/bin/x86_64-linux-gnu-gcc-7, PYTHON_BIN_PATH=/usr/bin/python3, PYTHON_LIB_PATH=/usr/lib/python3/dist-packages, TF_CUDA_COMPUTE_CAPABILITIES=7.5]
  Command Line: (exec external/bazel_tools/tools/zip/zipper/zipper \
    cC \
    bazel-out/k8-fastbuild/bin/modules/ACC_Test/acc_component_lib_cpplint.zip \
    '__main__.py=bazel-out/k8-fastbuild/bin/modules/ACC_Test/acc_component_lib_cpplint.temp' \
    '__init__.py=' \
    'runfiles/apollo/__init__.py=' \
    'runfiles/cpplint/__init__.py=' \
    'runfiles/__init__.py=' \
    'runfiles/cpplint/cpplint.py=external/cpplint/cpplint.py' \
    'runfiles/apollo/CPPLINT.cfg=CPPLINT.cfg' \
    'runfiles/apollo/modules/ACC_Test/acc_component.cc=modules/ACC_Test/acc_component.cc' \
    'runfiles/apollo/modules/ACC_Test/acc_component.h=modules/ACC_Test/acc_component.h' \
    'runfiles/cpplint/cpplint_binary=bazel-out/k8-fastbuild/bin/external/cpplint/cpplint_binary' \
    'runfiles/bazel_tools/tools/python/py3wrapper.sh=bazel-out/host/bin/external/bazel_tools/tools/python/py3wrapper.sh')

action 'Testing //modules/ACC_Test:acc_component_lib_cpplint'
  Mnemonic: TestRunner
  Target: //modules/ACC_Test:acc_component_lib_cpplint
  Configuration: k8-fastbuild
  ActionKey: 9cfe4eec33c3744c9d320632dfc5e0ffbadef696090490c6f5899359ffc599d8
  Inputs: [bazel-out/k8-fastbuild/internal/_middlemen/modules_SACC_UTest_Sacc_Ucomponent_Ulib_Ucpplint-runfiles, external/bazel_tools/tools/test/generate-xml.sh, external/bazel_tools/tools/test/test-setup.sh]
  Outputs: [bazel-out/k8-fastbuild/testlogs/modules/ACC_Test/acc_component_lib_cpplint/test.cache_status, bazel-out/k8-fastbuild/testlogs/modules/ACC_Test/acc_component_lib_cpplint/test.log]
  Environment: [CUDA_TOOLKIT_PATH=/usr/local/cuda-10.2, GCC_HOST_COMPILER_PATH=/usr/bin/x86_64-linux-gnu-gcc-7, PYTHON_BIN_PATH=/usr/bin/python3, PYTHON_LIB_PATH=/usr/lib/python3/dist-packages, TF_CUDA_COMPUTE_CAPABILITIES=7.5]
  Command Line: (exec external/bazel_tools/tools/test/test-setup.sh \
    modules/ACC_Test/acc_component_lib_cpplint \
    '--extensions=c,cc,cpp,cxx,c++,C,h,hh,hpp,hxx,inc' \
    modules/ACC_Test/acc_component.cc \
    modules/ACC_Test/acc_component.h)

BazelCppSemantics_build_arch_k8-fastbuild for //modules/ACC_Test:acc_lib
  Mnemonic: Middleman
  Target: //modules/ACC_Test:acc_lib
  Configuration: k8-fastbuild
  ActionKey: db9e25a4399752c6f2173101cef156d8cc65052294fbaae629f895aa7120c672
  Inputs: [bazel-out/k8-fastbuild/internal/_middlemen/_S_Smodules_SACC_UTest_Clibapo-BazelCppSemantics_build_arch_k8-fastbuild, modules/ACC_Test/ACC.h, modules/ACC_Test/ApoClnt.h, modules/ACC_Test/DVA.h, modules/ACC_Test/GuiCmd.h, modules/ACC_Test/apo.h]
  Outputs: [bazel-out/k8-fastbuild/internal/_middlemen/_S_Smodules_SACC_UTest_Cacc_Ulib-BazelCppSemantics_build_arch_k8-fastbuild]

action 'Compiling modules/ACC_Test/ACC.c'
  Mnemonic: CppCompile
  Target: //modules/ACC_Test:acc_lib
  Configuration: k8-fastbuild
  ActionKey: eeb71db430e3a5d3013ac0b66b582de41dbe7020dd7e856db16b7cab613bcee9
  Inputs: [bazel-out/host/internal/_middlemen/external_Slocal_Uconfig_Ucc_Ccompiler_Udeps, bazel-out/k8-fastbuild/internal/_middlemen/_S_Smodules_SACC_UTest_Cacc_Ulib-BazelCppSemantics_build_arch_k8-fastbuild, external/bazel_tools/tools/cpp/grep-includes.sh, modules/ACC_Test/ACC.c]
  Outputs: [bazel-out/k8-fastbuild/bin/modules/ACC_Test/_objs/acc_lib/ACC.pic.d, bazel-out/k8-fastbuild/bin/modules/ACC_Test/_objs/acc_lib/ACC.pic.o]
  Environment: [CUDA_TOOLKIT_PATH=/usr/local/cuda-10.2, GCC_HOST_COMPILER_PATH=/usr/bin/x86_64-linux-gnu-gcc-7, PYTHON_BIN_PATH=/usr/bin/python3, PYTHON_LIB_PATH=/usr/lib/python3/dist-packages, TF_CUDA_COMPUTE_CAPABILITIES=7.5]
  Command Line: (exec /usr/bin/gcc \
    -U_FORTIFY_SOURCE \
    -fstack-protector \
    -Wall \
    -Wunused-but-set-parameter \
    -Wno-free-nonheap-object \
    -fno-omit-frame-pointer \
    -MD \
    -MF \
    bazel-out/k8-fastbuild/bin/modules/ACC_Test/_objs/acc_lib/ACC.pic.d \
    '-frandom-seed=bazel-out/k8-fastbuild/bin/modules/ACC_Test/_objs/acc_lib/ACC.pic.o' \
    -fPIC \
    -iquote \
    . \
    -iquote \
    bazel-out/k8-fastbuild/bin \
    '-Werror=sign-compare' \
    '-Werror=unused-variable' \
    '-Werror=unused-but-set-variable' \
    '-Werror=switch' \
    '-march=native' \
    -fno-canonical-system-headers \
    -Wno-builtin-macro-redefined \
    '-D__DATE__="redacted"' \
    '-D__TIMESTAMP__="redacted"' \
    '-D__TIME__="redacted"' \
    -c \
    modules/ACC_Test/ACC.c \
    -o \
    bazel-out/k8-fastbuild/bin/modules/ACC_Test/_objs/acc_lib/ACC.pic.o)

action 'Compiling modules/ACC_Test/DVARead.c'
  Mnemonic: CppCompile
  Target: //modules/ACC_Test:acc_lib
  Configuration: k8-fastbuild
  ActionKey: 8c1f44d938b7e98cfd39d558e8196d32cfbe63f66901aca7d4bbdf16f83536dd
  Inputs: [bazel-out/host/internal/_middlemen/external_Slocal_Uconfig_Ucc_Ccompiler_Udeps, bazel-out/k8-fastbuild/internal/_middlemen/_S_Smodules_SACC_UTest_Cacc_Ulib-BazelCppSemantics_build_arch_k8-fastbuild, external/bazel_tools/tools/cpp/grep-includes.sh, modules/ACC_Test/DVARead.c]
  Outputs: [bazel-out/k8-fastbuild/bin/modules/ACC_Test/_objs/acc_lib/DVARead.pic.d, bazel-out/k8-fastbuild/bin/modules/ACC_Test/_objs/acc_lib/DVARead.pic.o]
  Environment: [CUDA_TOOLKIT_PATH=/usr/local/cuda-10.2, GCC_HOST_COMPILER_PATH=/usr/bin/x86_64-linux-gnu-gcc-7, PYTHON_BIN_PATH=/usr/bin/python3, PYTHON_LIB_PATH=/usr/lib/python3/dist-packages, TF_CUDA_COMPUTE_CAPABILITIES=7.5]
  Command Line: (exec /usr/bin/gcc \
    -U_FORTIFY_SOURCE \
    -fstack-protector \
    -Wall \
    -Wunused-but-set-parameter \
    -Wno-free-nonheap-object \
    -fno-omit-frame-pointer \
    -MD \
    -MF \
    bazel-out/k8-fastbuild/bin/modules/ACC_Test/_objs/acc_lib/DVARead.pic.d \
    '-frandom-seed=bazel-out/k8-fastbuild/bin/modules/ACC_Test/_objs/acc_lib/DVARead.pic.o' \
    -fPIC \
    -iquote \
    . \
    -iquote \
    bazel-out/k8-fastbuild/bin \
    '-Werror=sign-compare' \
    '-Werror=unused-variable' \
    '-Werror=unused-but-set-variable' \
    '-Werror=switch' \
    '-march=native' \
    -fno-canonical-system-headers \
    -Wno-builtin-macro-redefined \
    '-D__DATE__="redacted"' \
    '-D__TIMESTAMP__="redacted"' \
    '-D__TIME__="redacted"' \
    -c \
    modules/ACC_Test/DVARead.c \
    -o \
    bazel-out/k8-fastbuild/bin/modules/ACC_Test/_objs/acc_lib/DVARead.pic.o)

action 'Compiling modules/ACC_Test/DVAWrite.c'
  Mnemonic: CppCompile
  Target: //modules/ACC_Test:acc_lib
  Configuration: k8-fastbuild
  ActionKey: 210b0216f12fe8e77b10276e160a82d269c9e97794d0a99a46ccecebc86a769c
  Inputs: [bazel-out/host/internal/_middlemen/external_Slocal_Uconfig_Ucc_Ccompiler_Udeps, bazel-out/k8-fastbuild/internal/_middlemen/_S_Smodules_SACC_UTest_Cacc_Ulib-BazelCppSemantics_build_arch_k8-fastbuild, external/bazel_tools/tools/cpp/grep-includes.sh, modules/ACC_Test/DVAWrite.c]
  Outputs: [bazel-out/k8-fastbuild/bin/modules/ACC_Test/_objs/acc_lib/DVAWrite.pic.d, bazel-out/k8-fastbuild/bin/modules/ACC_Test/_objs/acc_lib/DVAWrite.pic.o]
  Environment: [CUDA_TOOLKIT_PATH=/usr/local/cuda-10.2, GCC_HOST_COMPILER_PATH=/usr/bin/x86_64-linux-gnu-gcc-7, PYTHON_BIN_PATH=/usr/bin/python3, PYTHON_LIB_PATH=/usr/lib/python3/dist-packages, TF_CUDA_COMPUTE_CAPABILITIES=7.5]
  Command Line: (exec /usr/bin/gcc \
    -U_FORTIFY_SOURCE \
    -fstack-protector \
    -Wall \
    -Wunused-but-set-parameter \
    -Wno-free-nonheap-object \
    -fno-omit-frame-pointer \
    -MD \
    -MF \
    bazel-out/k8-fastbuild/bin/modules/ACC_Test/_objs/acc_lib/DVAWrite.pic.d \
    '-frandom-seed=bazel-out/k8-fastbuild/bin/modules/ACC_Test/_objs/acc_lib/DVAWrite.pic.o' \
    -fPIC \
    -iquote \
    . \
    -iquote \
    bazel-out/k8-fastbuild/bin \
    '-Werror=sign-compare' \
    '-Werror=unused-variable' \
    '-Werror=unused-but-set-variable' \
    '-Werror=switch' \
    '-march=native' \
    -fno-canonical-system-headers \
    -Wno-builtin-macro-redefined \
    '-D__DATE__="redacted"' \
    '-D__TIMESTAMP__="redacted"' \
    '-D__TIME__="redacted"' \
    -c \
    modules/ACC_Test/DVAWrite.c \
    -o \
    bazel-out/k8-fastbuild/bin/modules/ACC_Test/_objs/acc_lib/DVAWrite.pic.o)

action 'Compiling modules/ACC_Test/GuiCmd.c'
  Mnemonic: CppCompile
  Target: //modules/ACC_Test:acc_lib
  Configuration: k8-fastbuild
  ActionKey: aad282171ec3329937a13b90e7dc43c7b371d09991793bbdbad148ccca26876b
  Inputs: [bazel-out/host/internal/_middlemen/external_Slocal_Uconfig_Ucc_Ccompiler_Udeps, bazel-out/k8-fastbuild/internal/_middlemen/_S_Smodules_SACC_UTest_Cacc_Ulib-BazelCppSemantics_build_arch_k8-fastbuild, external/bazel_tools/tools/cpp/grep-includes.sh, modules/ACC_Test/GuiCmd.c]
  Outputs: [bazel-out/k8-fastbuild/bin/modules/ACC_Test/_objs/acc_lib/GuiCmd.pic.d, bazel-out/k8-fastbuild/bin/modules/ACC_Test/_objs/acc_lib/GuiCmd.pic.o]
  Environment: [CUDA_TOOLKIT_PATH=/usr/local/cuda-10.2, GCC_HOST_COMPILER_PATH=/usr/bin/x86_64-linux-gnu-gcc-7, PYTHON_BIN_PATH=/usr/bin/python3, PYTHON_LIB_PATH=/usr/lib/python3/dist-packages, TF_CUDA_COMPUTE_CAPABILITIES=7.5]
  Command Line: (exec /usr/bin/gcc \
    -U_FORTIFY_SOURCE \
    -fstack-protector \
    -Wall \
    -Wunused-but-set-parameter \
    -Wno-free-nonheap-object \
    -fno-omit-frame-pointer \
    -MD \
    -MF \
    bazel-out/k8-fastbuild/bin/modules/ACC_Test/_objs/acc_lib/GuiCmd.pic.d \
    '-frandom-seed=bazel-out/k8-fastbuild/bin/modules/ACC_Test/_objs/acc_lib/GuiCmd.pic.o' \
    -fPIC \
    -iquote \
    . \
    -iquote \
    bazel-out/k8-fastbuild/bin \
    '-Werror=sign-compare' \
    '-Werror=unused-variable' \
    '-Werror=unused-but-set-variable' \
    '-Werror=switch' \
    '-march=native' \
    -fno-canonical-system-headers \
    -Wno-builtin-macro-redefined \
    '-D__DATE__="redacted"' \
    '-D__TIMESTAMP__="redacted"' \
    '-D__TIME__="redacted"' \
    -c \
    modules/ACC_Test/GuiCmd.c \
    -o \
    bazel-out/k8-fastbuild/bin/modules/ACC_Test/_objs/acc_lib/GuiCmd.pic.o)

action 'Compiling modules/ACC_Test/ApoClnt.c'
  Mnemonic: CppCompile
  Target: //modules/ACC_Test:acc_lib
  Configuration: k8-fastbuild
  ActionKey: 10b1e134bc2349a20f78f380f2972d3ab62635199973a3b5ec2143dfc7af3506
  Inputs: [bazel-out/host/internal/_middlemen/external_Slocal_Uconfig_Ucc_Ccompiler_Udeps, bazel-out/k8-fastbuild/internal/_middlemen/_S_Smodules_SACC_UTest_Cacc_Ulib-BazelCppSemantics_build_arch_k8-fastbuild, external/bazel_tools/tools/cpp/grep-includes.sh, modules/ACC_Test/ApoClnt.c]
  Outputs: [bazel-out/k8-fastbuild/bin/modules/ACC_Test/_objs/acc_lib/ApoClnt.pic.d, bazel-out/k8-fastbuild/bin/modules/ACC_Test/_objs/acc_lib/ApoClnt.pic.o]
  Environment: [CUDA_TOOLKIT_PATH=/usr/local/cuda-10.2, GCC_HOST_COMPILER_PATH=/usr/bin/x86_64-linux-gnu-gcc-7, PYTHON_BIN_PATH=/usr/bin/python3, PYTHON_LIB_PATH=/usr/lib/python3/dist-packages, TF_CUDA_COMPUTE_CAPABILITIES=7.5]
  Command Line: (exec /usr/bin/gcc \
    -U_FORTIFY_SOURCE \
    -fstack-protector \
    -Wall \
    -Wunused-but-set-parameter \
    -Wno-free-nonheap-object \
    -fno-omit-frame-pointer \
    -MD \
    -MF \
    bazel-out/k8-fastbuild/bin/modules/ACC_Test/_objs/acc_lib/ApoClnt.pic.d \
    '-frandom-seed=bazel-out/k8-fastbuild/bin/modules/ACC_Test/_objs/acc_lib/ApoClnt.pic.o' \
    -fPIC \
    -iquote \
    . \
    -iquote \
    bazel-out/k8-fastbuild/bin \
    '-Werror=sign-compare' \
    '-Werror=unused-variable' \
    '-Werror=unused-but-set-variable' \
    '-Werror=switch' \
    '-march=native' \
    -fno-canonical-system-headers \
    -Wno-builtin-macro-redefined \
    '-D__DATE__="redacted"' \
    '-D__TIMESTAMP__="redacted"' \
    '-D__TIME__="redacted"' \
    -c \
    modules/ACC_Test/ApoClnt.c \
    -o \
    bazel-out/k8-fastbuild/bin/modules/ACC_Test/_objs/acc_lib/ApoClnt.pic.o)

action 'Writing file modules/ACC_Test/libacc_lib.a-2.params'
  Mnemonic: FileWrite
  Target: //modules/ACC_Test:acc_lib
  Configuration: k8-fastbuild
  ActionKey: ffe5ee0a0ea8571b43516bec3c6322a9b4b6c43eedf526ad8802e58a25bd00f5
  Inputs: []
  Outputs: [bazel-out/k8-fastbuild/bin/modules/ACC_Test/libacc_lib.a-2.params]

action 'Linking modules/ACC_Test/libacc_lib.a'
  Mnemonic: CppLink
  Target: //modules/ACC_Test:acc_lib
  Configuration: k8-fastbuild
  ActionKey: a3acd54c71b9b37b902f6fdc12b77f6a90eef33b0540fcb5e12938a9f7548c91
  Inputs: [bazel-out/host/internal/_middlemen/external_Slocal_Uconfig_Ucc_Ccompiler_Udeps, bazel-out/k8-fastbuild/bin/modules/ACC_Test/_objs/acc_lib/ACC.pic.o, bazel-out/k8-fastbuild/bin/modules/ACC_Test/_objs/acc_lib/ApoClnt.pic.o, bazel-out/k8-fastbuild/bin/modules/ACC_Test/_objs/acc_lib/DVARead.pic.o, bazel-out/k8-fastbuild/bin/modules/ACC_Test/_objs/acc_lib/DVAWrite.pic.o, bazel-out/k8-fastbuild/bin/modules/ACC_Test/_objs/acc_lib/GuiCmd.pic.o, bazel-out/k8-fastbuild/bin/modules/ACC_Test/libacc_lib.a-2.params]
  Outputs: [bazel-out/k8-fastbuild/bin/modules/ACC_Test/libacc_lib.a]
  Environment: [CUDA_TOOLKIT_PATH=/usr/local/cuda-10.2, GCC_HOST_COMPILER_PATH=/usr/bin/x86_64-linux-gnu-gcc-7, PYTHON_BIN_PATH=/usr/bin/python3, PYTHON_LIB_PATH=/usr/lib/python3/dist-packages, TF_CUDA_COMPUTE_CAPABILITIES=7.5]
  Command Line: (exec /usr/bin/ar \
    rcsD \
    bazel-out/k8-fastbuild/bin/modules/ACC_Test/libacc_lib.a \
    bazel-out/k8-fastbuild/bin/modules/ACC_Test/_objs/acc_lib/ACC.pic.o \
    bazel-out/k8-fastbuild/bin/modules/ACC_Test/_objs/acc_lib/DVARead.pic.o \
    bazel-out/k8-fastbuild/bin/modules/ACC_Test/_objs/acc_lib/DVAWrite.pic.o \
    bazel-out/k8-fastbuild/bin/modules/ACC_Test/_objs/acc_lib/GuiCmd.pic.o \
    bazel-out/k8-fastbuild/bin/modules/ACC_Test/_objs/acc_lib/ApoClnt.pic.o \
    @bazel-out/k8-fastbuild/bin/modules/ACC_Test/libacc_lib.a-2.params)

action 'Expanding template modules/ACC_Test/acc_lib_cpplint'
  Mnemonic: TemplateExpand
  Target: //modules/ACC_Test:acc_lib_cpplint
  Configuration: k8-fastbuild
  ActionKey: 597c7bda79c7ff98a735df98c5017445d551c6209e532706812065cc31b561ed
  Inputs: []
  Outputs: [bazel-out/k8-fastbuild/bin/modules/ACC_Test/acc_lib_cpplint]

action 'Creating source manifest for //modules/ACC_Test:acc_lib_cpplint'
  Mnemonic: SourceSymlinkManifest
  Target: //modules/ACC_Test:acc_lib_cpplint
  Configuration: k8-fastbuild
  ActionKey: e0f8bc6d8d6243ac6da8f39f3b70c58f2efc728ef2c4801887917e38422d37c4
  Inputs: []
  Outputs: [bazel-out/k8-fastbuild/bin/modules/ACC_Test/acc_lib_cpplint.runfiles_manifest]

action 'Creating runfiles tree bazel-out/k8-fastbuild/bin/modules/ACC_Test/acc_lib_cpplint.runfiles'
  Mnemonic: SymlinkTree
  Target: //modules/ACC_Test:acc_lib_cpplint
  Configuration: k8-fastbuild
  ActionKey: 43f51a70ada6f8df1ba81b630c7851b9b848bc28872d0b297b051b962eb936cf
  Inputs: [bazel-out/k8-fastbuild/bin/modules/ACC_Test/acc_lib_cpplint.runfiles_manifest]
  Outputs: [bazel-out/k8-fastbuild/bin/modules/ACC_Test/acc_lib_cpplint.runfiles/MANIFEST]
  Environment: [CUDA_TOOLKIT_PATH=/usr/local/cuda-10.2, GCC_HOST_COMPILER_PATH=/usr/bin/x86_64-linux-gnu-gcc-7, PYTHON_BIN_PATH=/usr/bin/python3, PYTHON_LIB_PATH=/usr/lib/python3/dist-packages, TF_CUDA_COMPUTE_CAPABILITIES=7.5]

runfiles for //modules/ACC_Test:acc_lib_cpplint
  Mnemonic: Middleman
  Target: //modules/ACC_Test:acc_lib_cpplint
  Configuration: k8-fastbuild
  ActionKey: db9e25a4399752c6f2173101cef156d8cc65052294fbaae629f895aa7120c672
  Inputs: [CPPLINT.cfg, bazel-out/host/bin/external/bazel_tools/tools/python/py3wrapper.sh, bazel-out/k8-fastbuild/bin/external/cpplint/cpplint_binary, bazel-out/k8-fastbuild/bin/modules/ACC_Test/acc_lib_cpplint, bazel-out/k8-fastbuild/bin/modules/ACC_Test/acc_lib_cpplint.runfiles/MANIFEST, external/cpplint/cpplint.py, modules/ACC_Test/ACC.c, modules/ACC_Test/ACC.h, modules/ACC_Test/ApoClnt.c, modules/ACC_Test/ApoClnt.h, modules/ACC_Test/DVA.h, modules/ACC_Test/DVARead.c, modules/ACC_Test/DVAWrite.c, modules/ACC_Test/GuiCmd.c, modules/ACC_Test/GuiCmd.h, modules/ACC_Test/apo.h]
  Outputs: [bazel-out/k8-fastbuild/internal/_middlemen/modules_SACC_UTest_Sacc_Ulib_Ucpplint-runfiles]

action 'Expanding template modules/ACC_Test/acc_lib_cpplint.temp'
  Mnemonic: TemplateExpand
  Target: //modules/ACC_Test:acc_lib_cpplint
  Configuration: k8-fastbuild
  ActionKey: 13fa5fd949a40a728a448a5edb531b4a8a869f13386f554e5d57a5947d0e9c36
  Inputs: []
  Outputs: [bazel-out/k8-fastbuild/bin/modules/ACC_Test/acc_lib_cpplint.temp]

action 'PythonZipper modules/ACC_Test/acc_lib_cpplint.zip'
  Mnemonic: PythonZipper
  Target: //modules/ACC_Test:acc_lib_cpplint
  Configuration: k8-fastbuild
  ActionKey: 8977d0d858baf7f79e0cd6d17af5a1b0c274deda7b9bda6cdcdbc1218c5e5e43
  Inputs: [CPPLINT.cfg, bazel-out/host/bin/external/bazel_tools/tools/python/py3wrapper.sh, bazel-out/k8-fastbuild/bin/external/cpplint/cpplint_binary, bazel-out/k8-fastbuild/bin/modules/ACC_Test/acc_lib_cpplint.temp, external/bazel_tools/tools/zip/zipper/zipper, external/cpplint/cpplint.py, modules/ACC_Test/ACC.c, modules/ACC_Test/ACC.h, modules/ACC_Test/ApoClnt.c, modules/ACC_Test/ApoClnt.h, modules/ACC_Test/DVA.h, modules/ACC_Test/DVARead.c, modules/ACC_Test/DVAWrite.c, modules/ACC_Test/GuiCmd.c, modules/ACC_Test/GuiCmd.h, modules/ACC_Test/apo.h]
  Outputs: [bazel-out/k8-fastbuild/bin/modules/ACC_Test/acc_lib_cpplint.zip]
  Environment: [CUDA_TOOLKIT_PATH=/usr/local/cuda-10.2, GCC_HOST_COMPILER_PATH=/usr/bin/x86_64-linux-gnu-gcc-7, PYTHON_BIN_PATH=/usr/bin/python3, PYTHON_LIB_PATH=/usr/lib/python3/dist-packages, TF_CUDA_COMPUTE_CAPABILITIES=7.5]
  Command Line: (exec external/bazel_tools/tools/zip/zipper/zipper \
    cC \
    bazel-out/k8-fastbuild/bin/modules/ACC_Test/acc_lib_cpplint.zip \
    '__main__.py=bazel-out/k8-fastbuild/bin/modules/ACC_Test/acc_lib_cpplint.temp' \
    '__init__.py=' \
    'runfiles/apollo/__init__.py=' \
    'runfiles/cpplint/__init__.py=' \
    'runfiles/__init__.py=' \
    'runfiles/cpplint/cpplint.py=external/cpplint/cpplint.py' \
    'runfiles/apollo/CPPLINT.cfg=CPPLINT.cfg' \
    'runfiles/apollo/modules/ACC_Test/ACC.c=modules/ACC_Test/ACC.c' \
    'runfiles/apollo/modules/ACC_Test/DVARead.c=modules/ACC_Test/DVARead.c' \
    'runfiles/apollo/modules/ACC_Test/DVAWrite.c=modules/ACC_Test/DVAWrite.c' \
    'runfiles/apollo/modules/ACC_Test/GuiCmd.c=modules/ACC_Test/GuiCmd.c' \
    'runfiles/apollo/modules/ACC_Test/ApoClnt.c=modules/ACC_Test/ApoClnt.c' \
    'runfiles/apollo/modules/ACC_Test/ACC.h=modules/ACC_Test/ACC.h' \
    'runfiles/apollo/modules/ACC_Test/ApoClnt.h=modules/ACC_Test/ApoClnt.h' \
    'runfiles/apollo/modules/ACC_Test/DVA.h=modules/ACC_Test/DVA.h' \
    'runfiles/apollo/modules/ACC_Test/GuiCmd.h=modules/ACC_Test/GuiCmd.h' \
    'runfiles/apollo/modules/ACC_Test/apo.h=modules/ACC_Test/apo.h' \
    'runfiles/cpplint/cpplint_binary=bazel-out/k8-fastbuild/bin/external/cpplint/cpplint_binary' \
    'runfiles/bazel_tools/tools/python/py3wrapper.sh=bazel-out/host/bin/external/bazel_tools/tools/python/py3wrapper.sh')

action 'Testing //modules/ACC_Test:acc_lib_cpplint'
  Mnemonic: TestRunner
  Target: //modules/ACC_Test:acc_lib_cpplint
  Configuration: k8-fastbuild
  ActionKey: 48546fe2b2558103861c5c374b86028deab979cfef63383fab28b8583b2cbf74
  Inputs: [bazel-out/k8-fastbuild/internal/_middlemen/modules_SACC_UTest_Sacc_Ulib_Ucpplint-runfiles, external/bazel_tools/tools/test/generate-xml.sh, external/bazel_tools/tools/test/test-setup.sh]
  Outputs: [bazel-out/k8-fastbuild/testlogs/modules/ACC_Test/acc_lib_cpplint/test.cache_status, bazel-out/k8-fastbuild/testlogs/modules/ACC_Test/acc_lib_cpplint/test.log]
  Environment: [CUDA_TOOLKIT_PATH=/usr/local/cuda-10.2, GCC_HOST_COMPILER_PATH=/usr/bin/x86_64-linux-gnu-gcc-7, PYTHON_BIN_PATH=/usr/bin/python3, PYTHON_LIB_PATH=/usr/lib/python3/dist-packages, TF_CUDA_COMPUTE_CAPABILITIES=7.5]
  Command Line: (exec external/bazel_tools/tools/test/test-setup.sh \
    modules/ACC_Test/acc_lib_cpplint \
    '--extensions=c,cc,cpp,cxx,c++,C,h,hh,hpp,hxx,inc' \
    modules/ACC_Test/ACC.c \
    modules/ACC_Test/DVARead.c \
    modules/ACC_Test/DVAWrite.c \
    modules/ACC_Test/GuiCmd.c \
    modules/ACC_Test/ApoClnt.c \
    modules/ACC_Test/ACC.h \
    modules/ACC_Test/ApoClnt.h \
    modules/ACC_Test/DVA.h \
    modules/ACC_Test/GuiCmd.h \
    modules/ACC_Test/apo.h)

BazelCppSemantics_build_arch_k8-fastbuild for //modules/ACC_Test:libapo
  Mnemonic: Middleman
  Target: //modules/ACC_Test:libapo
  Configuration: k8-fastbuild
  ActionKey: db9e25a4399752c6f2173101cef156d8cc65052294fbaae629f895aa7120c672
  Inputs: [modules/ACC_Test/apo.h]
  Outputs: [bazel-out/k8-fastbuild/internal/_middlemen/_S_Smodules_SACC_UTest_Clibapo-BazelCppSemantics_build_arch_k8-fastbuild]

action 'Expanding template modules/ACC_Test/libapo_cpplint'
  Mnemonic: TemplateExpand
  Target: //modules/ACC_Test:libapo_cpplint
  Configuration: k8-fastbuild
  ActionKey: f6d4967a20547300bcf99c83e6da31d3dc27456bd0c5e94080c951f58aa468c0
  Inputs: []
  Outputs: [bazel-out/k8-fastbuild/bin/modules/ACC_Test/libapo_cpplint]

action 'Creating source manifest for //modules/ACC_Test:libapo_cpplint'
  Mnemonic: SourceSymlinkManifest
  Target: //modules/ACC_Test:libapo_cpplint
  Configuration: k8-fastbuild
  ActionKey: 2086fae1b82ed3f5be09a80b36ef211a5bf438455b5e11e8310795307e1c4b8d
  Inputs: []
  Outputs: [bazel-out/k8-fastbuild/bin/modules/ACC_Test/libapo_cpplint.runfiles_manifest]

action 'Creating runfiles tree bazel-out/k8-fastbuild/bin/modules/ACC_Test/libapo_cpplint.runfiles'
  Mnemonic: SymlinkTree
  Target: //modules/ACC_Test:libapo_cpplint
  Configuration: k8-fastbuild
  ActionKey: 93c3be2d43012574e8d50cc567137db7a725cb28419be94f38c6a64bebec0126
  Inputs: [bazel-out/k8-fastbuild/bin/modules/ACC_Test/libapo_cpplint.runfiles_manifest]
  Outputs: [bazel-out/k8-fastbuild/bin/modules/ACC_Test/libapo_cpplint.runfiles/MANIFEST]
  Environment: [CUDA_TOOLKIT_PATH=/usr/local/cuda-10.2, GCC_HOST_COMPILER_PATH=/usr/bin/x86_64-linux-gnu-gcc-7, PYTHON_BIN_PATH=/usr/bin/python3, PYTHON_LIB_PATH=/usr/lib/python3/dist-packages, TF_CUDA_COMPUTE_CAPABILITIES=7.5]

runfiles for //modules/ACC_Test:libapo_cpplint
  Mnemonic: Middleman
  Target: //modules/ACC_Test:libapo_cpplint
  Configuration: k8-fastbuild
  ActionKey: db9e25a4399752c6f2173101cef156d8cc65052294fbaae629f895aa7120c672
  Inputs: [CPPLINT.cfg, bazel-out/host/bin/external/bazel_tools/tools/python/py3wrapper.sh, bazel-out/k8-fastbuild/bin/external/cpplint/cpplint_binary, bazel-out/k8-fastbuild/bin/modules/ACC_Test/libapo_cpplint, bazel-out/k8-fastbuild/bin/modules/ACC_Test/libapo_cpplint.runfiles/MANIFEST, external/cpplint/cpplint.py, modules/ACC_Test/apo.h]
  Outputs: [bazel-out/k8-fastbuild/internal/_middlemen/modules_SACC_UTest_Slibapo_Ucpplint-runfiles]

action 'Expanding template modules/ACC_Test/libapo_cpplint.temp'
  Mnemonic: TemplateExpand
  Target: //modules/ACC_Test:libapo_cpplint
  Configuration: k8-fastbuild
  ActionKey: e8a2ebf8194e30674f36d7feed83c82296b416c8a8e32a39d7dc53ed19c7f2e7
  Inputs: []
  Outputs: [bazel-out/k8-fastbuild/bin/modules/ACC_Test/libapo_cpplint.temp]

action 'PythonZipper modules/ACC_Test/libapo_cpplint.zip'
  Mnemonic: PythonZipper
  Target: //modules/ACC_Test:libapo_cpplint
  Configuration: k8-fastbuild
  ActionKey: 890caf22854a7b0f026a6d258ba2f105a2c8f7e0633fd8f456a3e61f575b1132
  Inputs: [CPPLINT.cfg, bazel-out/host/bin/external/bazel_tools/tools/python/py3wrapper.sh, bazel-out/k8-fastbuild/bin/external/cpplint/cpplint_binary, bazel-out/k8-fastbuild/bin/modules/ACC_Test/libapo_cpplint.temp, external/bazel_tools/tools/zip/zipper/zipper, external/cpplint/cpplint.py, modules/ACC_Test/apo.h]
  Outputs: [bazel-out/k8-fastbuild/bin/modules/ACC_Test/libapo_cpplint.zip]
  Environment: [CUDA_TOOLKIT_PATH=/usr/local/cuda-10.2, GCC_HOST_COMPILER_PATH=/usr/bin/x86_64-linux-gnu-gcc-7, PYTHON_BIN_PATH=/usr/bin/python3, PYTHON_LIB_PATH=/usr/lib/python3/dist-packages, TF_CUDA_COMPUTE_CAPABILITIES=7.5]
  Command Line: (exec external/bazel_tools/tools/zip/zipper/zipper \
    cC \
    bazel-out/k8-fastbuild/bin/modules/ACC_Test/libapo_cpplint.zip \
    '__main__.py=bazel-out/k8-fastbuild/bin/modules/ACC_Test/libapo_cpplint.temp' \
    '__init__.py=' \
    'runfiles/apollo/__init__.py=' \
    'runfiles/cpplint/__init__.py=' \
    'runfiles/__init__.py=' \
    'runfiles/cpplint/cpplint.py=external/cpplint/cpplint.py' \
    'runfiles/apollo/CPPLINT.cfg=CPPLINT.cfg' \
    'runfiles/apollo/modules/ACC_Test/apo.h=modules/ACC_Test/apo.h' \
    'runfiles/cpplint/cpplint_binary=bazel-out/k8-fastbuild/bin/external/cpplint/cpplint_binary' \
    'runfiles/bazel_tools/tools/python/py3wrapper.sh=bazel-out/host/bin/external/bazel_tools/tools/python/py3wrapper.sh')

action 'Testing //modules/ACC_Test:libapo_cpplint'
  Mnemonic: TestRunner
  Target: //modules/ACC_Test:libapo_cpplint
  Configuration: k8-fastbuild
  ActionKey: fbfe679b83e323a6d9d2bc375652db1daebaaa727600d756a0265c424951916e
  Inputs: [bazel-out/k8-fastbuild/internal/_middlemen/modules_SACC_UTest_Slibapo_Ucpplint-runfiles, external/bazel_tools/tools/test/generate-xml.sh, external/bazel_tools/tools/test/test-setup.sh]
  Outputs: [bazel-out/k8-fastbuild/testlogs/modules/ACC_Test/libapo_cpplint/test.cache_status, bazel-out/k8-fastbuild/testlogs/modules/ACC_Test/libapo_cpplint/test.log]
  Environment: [CUDA_TOOLKIT_PATH=/usr/local/cuda-10.2, GCC_HOST_COMPILER_PATH=/usr/bin/x86_64-linux-gnu-gcc-7, PYTHON_BIN_PATH=/usr/bin/python3, PYTHON_LIB_PATH=/usr/lib/python3/dist-packages, TF_CUDA_COMPUTE_CAPABILITIES=7.5]
  Command Line: (exec external/bazel_tools/tools/test/test-setup.sh \
    modules/ACC_Test/libapo_cpplint \
    '--extensions=c,cc,cpp,cxx,c++,C,h,hh,hpp,hxx,inc' \
    modules/ACC_Test/apo.h)

